>> Centroides de los clusters

 12.389 20.813 54.174 65.653 17.378 15.338 61.055 75.821 10.197 28.480 68.041 71.717 40.006 53.759 67.904 63.927 18.046 64.895 69.550 13.832 12.389 20.813 54.174 65.653 17.378 15.338 61.055 75.821 10.197 28.480 68.041 71.717 40.006 53.759 67.904 63.927 18.046 64.895 69.550 13.832
 75.100 31.107 30.709 45.619 33.511 66.143 34.620 16.261 19.385 39.697 85.832 13.533 25.950 40.177 58.576 76.191 20.277 74.004 56.501 75.739 75.100 31.107 30.709 45.619 33.511 66.143 34.620 16.261 19.385 39.697 85.832 13.533 25.950 40.177 58.576 76.191 20.277 74.004 56.501 75.739
 46.871 20.815 20.877 21.703 72.897 29.478 46.754 82.879 36.587 69.063 49.676 35.828 21.042 81.638 43.873 58.077 45.677 44.183 36.340 54.008 46.871 20.815 20.877 21.703 72.897 29.478 46.754 82.879 36.587 69.063 49.676 35.828 21.042 81.638 43.873 58.077 45.677 44.183 36.340 54.008
 44.382 58.555 72.420 53.459 67.976 28.711 29.392 38.904 43.485 52.848 72.786 51.291 41.694 41.483 69.462 64.330 43.548 59.938 59.040 51.676 44.382 58.555 72.420 53.459 67.976 28.711 29.392 38.904 43.485 52.848 72.786 51.291 41.694 41.483 69.462 64.330 43.548 59.938 59.040 51.676
 67.696 81.340 58.092 54.387 40.441 43.073 68.938 24.391 50.418 24.209 34.195 76.072 70.906 15.703 27.113 66.418 61.336 57.300 14.937 60.554 67.696 81.340 58.092 54.387 40.441 43.073 68.938 24.391 50.418 24.209 34.195 76.072 70.906 15.703 27.113 66.418 61.336 57.300 14.937 60.554
 50.296 34.727 26.259 61.114 39.287 42.496 38.282 43.972 54.080 35.990 70.322 60.002 67.969 71.681 56.426 56.408 49.674 38.674 55.515 73.404 50.296 34.727 26.259 61.114 39.287 42.496 38.282 43.972 54.080 35.990 70.322 60.002 67.969 71.681 56.426 56.408 49.674 38.674 55.515 73.404
 48.286 14.239 88.136 60.170 66.067 75.023 60.909 75.935 66.765 61.156 69.449 80.965 10.476 18.621 67.884 23.207 41.076 49.354 43.988 23.662 48.286 14.239 88.136 60.170 66.067 75.023 60.909 75.935 66.765 61.156 69.449 80.965 10.476 18.621 67.884 23.207 41.076 49.354 43.988 23.662
 60.823 49.245 40.246 53.258 47.564 64.961 50.947 72.794 67.644 31.940 48.350 29.041 65.026 51.057 32.875 29.445 29.684 54.787 49.766 60.300 60.823 49.245 40.246 53.258 47.564 64.961 50.947 72.794 67.644 31.940 48.350 29.041 65.026 51.057 32.875 29.445 29.684 54.787 49.766 60.300
 37.424 60.648 69.066 56.442 48.791 66.429 73.012 65.138 58.096 31.641 59.171 34.109 43.614 34.307 45.254 68.731 61.192 58.683 64.416 43.397 37.424 60.648 69.066 56.442 48.791 66.429 73.012 65.138 58.096 31.641 59.171 34.109 43.614 34.307 45.254 68.731 61.192 58.683 64.416 43.397
 37.693 48.188 44.698 47.306 76.374 30.898 81.667 31.471 27.892 25.820 63.075 82.742 82.181 27.775 45.631 14.129 26.484 29.122 80.749 70.110 37.693 48.188 44.698 47.306 76.374 30.898 81.667 31.471 27.892 25.820 63.075 82.742 82.181 27.775 45.631 14.129 26.484 29.122 80.749 70.110
 53.346 18.748 53.116 46.153 28.043 71.789 46.181 34.442 47.019 29.299 59.680 32.052 80.666 17.700 67.540 39.252 48.749 58.685 42.658 28.507 53.346 18.748 53.116 46.153 28.043 71.789 46.181 34.442 47.019 29.299 59.680 32.052 80.666 17.700 67.540 39.252 48.749 58.685 42.658 28.507
 44.132 86.292 35.368 67.036 81.445 28.287 51.817 43.608 49.580 73.873 53.648 26.632 85.533 18.410 58.335 15.962 15.835 22.183 27.618 53.164 44.132 86.292 35.368 67.036 81.445 28.287 51.817 43.608 49.580 73.873 53.648 26.632 85.533 18.410 58.335 15.962 15.835 22.183 27.618 53.164
 63.814 38.488 57.802 64.905 62.778 37.788 61.119 63.939 68.361 62.197 30.516 68.990 60.186 56.166 72.100 46.508 65.355 55.924 46.541 58.623 63.814 38.488 57.802 64.905 62.778 37.788 61.119 63.939 68.361 62.197 30.516 68.990 60.186 56.166 72.100 46.508 65.355 55.924 46.541 58.623
 35.169 64.233 47.417 78.423 10.272 22.162 32.225 56.262 71.284 14.559 19.589 55.141 10.455 18.807 17.260 55.329 23.924 33.196 43.487 43.858 35.169 64.233 47.417 78.423 10.272 22.162 32.225 56.262 71.284 14.559 19.589 55.141 10.455 18.807 17.260 55.329 23.924 33.196 43.487 43.858
 81.114 62.985 77.213 24.594 33.953 49.698 51.404 63.727 78.384 21.745 72.711 48.228 52.033 71.346 29.645 86.441 54.387 41.213 82.287 76.681 81.114 62.985 77.213 24.594 33.953 49.698 51.404 63.727 78.384 21.745 72.711 48.228 52.033 71.346 29.645 86.441 54.387 41.213 82.287 76.681
 32.947 61.099 32.408 61.585 43.353 26.168 21.192 55.642 62.355 57.034 22.881 82.097 32.949 36.416 40.730 43.121 83.128 67.973 62.741 13.699 32.947 61.099 32.408 61.585 43.353 26.168 21.192 55.642 62.355 57.034 22.881 82.097 32.949 36.416 40.730 43.121 83.128 67.973 62.741 13.699
 39.861 79.414 37.060 13.536 46.579 83.674 38.918 72.616 85.926 78.259 85.368 62.346 54.510 40.224 88.224 82.747 63.431 30.084 69.118 59.860 39.861 79.414 37.060 13.536 46.579 83.674 38.918 72.616 85.926 78.259 85.368 62.346 54.510 40.224 88.224 82.747 63.431 30.084 69.118 59.860
 65.268 86.066 35.728 18.610 41.551 55.418 21.541 52.882 16.274 16.439 19.636 19.223 46.154 72.528 19.588 68.653 47.226 64.603 67.736 29.543 65.268 86.066 35.728 18.610 41.551 55.418 21.541 52.882 16.274 16.439 19.636 19.223 46.154 72.528 19.588 68.653 47.226 64.603 67.736 29.543
 54.229 34.707 81.995 22.533 59.228 70.055 39.595 46.969 15.021 54.709 37.026 60.027 66.769 63.116 42.068 79.044 48.488 68.296 75.935 45.513 54.229 34.707 81.995 22.533 59.228 70.055 39.595 46.969 15.021 54.709 37.026 60.027 66.769 63.116 42.068 79.044 48.488 68.296 75.935 45.513
 51.689 15.802 56.491 48.824 74.233 44.696 85.333 57.891 49.128 75.413 30.529 74.088 55.823 49.689 22.838 80.197 30.725 65.548 84.735 53.635 51.689 15.802 56.491 48.824 74.233 44.696 85.333 57.891 49.128 75.413 30.529 74.088 55.823 49.689 22.838 80.197 30.725 65.548 84.735 53.635
 37.151 43.546 65.667 53.588 16.059 23.351 52.785 59.516 70.618 69.033 45.355 30.760 31.493 38.957 33.428 16.070 67.748 64.727 40.547 40.250 37.151 43.546 65.667 53.588 16.059 23.351 52.785 59.516 70.618 69.033 45.355 30.760 31.493 38.957 33.428 16.070 67.748 64.727 40.547 40.250
 39.879 19.472 68.587 38.211 25.808 58.063 50.191 37.308 65.197 24.181 56.537 48.141 29.360 80.203 60.349 17.184 64.277 62.593 82.902 46.988 39.879 19.472 68.587 38.211 25.808 58.063 50.191 37.308 65.197 24.181 56.537 48.141 29.360 80.203 60.349 17.184 64.277 62.593 82.902 46.988
 31.444 32.652 69.702 13.967 89.624 28.275 38.979 31.135 13.651 69.329 12.583 46.695 21.848 54.451 34.590 27.471  9.164 82.117 26.628 30.968 31.444 32.652 69.702 13.967 89.624 28.275 38.979 31.135 13.651 69.329 12.583 46.695 21.848 54.451 34.590 27.471  9.164 82.117 26.628 30.968
 77.438 64.568 58.337 78.000 28.931 49.760 44.084 88.271 23.842 12.253 12.856 69.827 20.967 34.910 44.410 63.842 24.652 70.953 58.832 48.289 77.438 64.568 58.337 78.000 28.931 49.760 44.084 88.271 23.842 12.253 12.856 69.827 20.967 34.910 44.410 63.842 24.652 70.953 58.832 48.289
 72.212 28.783 33.825 30.529 25.674 82.697 83.881 28.104 54.392 67.269 30.636 34.686 61.164 62.118 30.199 50.526 47.681 63.873 44.974 42.222 72.212 28.783 33.825 30.529 25.674 82.697 83.881 28.104 54.392 67.269 30.636 34.686 61.164 62.118 30.199 50.526 47.681 63.873 44.974 42.222
 66.146 88.341 27.503 17.621 36.085 21.669 26.695 60.940 37.799 26.535 12.557 16.611 40.723 69.113 81.855 27.275 65.299 39.232 65.560 88.678 66.146 88.341 27.503 17.621 36.085 21.669 26.695 60.940 37.799 26.535 12.557 16.611 40.723 69.113 81.855 27.275 65.299 39.232 65.560 88.678
 26.565 52.282 50.890 31.040 26.931 50.413 68.614 53.566 62.705 83.140 71.535 26.259 83.095 27.663 82.253 45.373 75.550 38.908 16.706 27.185 26.565 52.282 50.890 31.040 26.931 50.413 68.614 53.566 62.705 83.140 71.535 26.259 83.095 27.663 82.253 45.373 75.550 38.908 16.706 27.185
 27.112 44.879 61.661 22.627 66.327 17.468 79.509 45.934 52.064 21.885 48.181 62.066 31.281 70.615 47.526 48.150 56.836 42.931 50.029 69.571 27.112 44.879 61.661 22.627 66.327 17.468 79.509 45.934 52.064 21.885 48.181 62.066 31.281 70.615 47.526 48.150 56.836 42.931 50.029 69.571
 40.603 59.189 88.046 35.960 13.052 41.557 37.281 29.541 32.122 68.833 73.977 67.203 11.877 39.123 37.712 11.269 62.478 42.657 21.021 15.195 40.603 59.189 88.046 35.960 13.052 41.557 37.281 29.541 32.122 68.833 73.977 67.203 11.877 39.123 37.712 11.269 62.478 42.657 21.021 15.195
 71.493 77.015 38.707 64.824 30.588 49.520 69.206 39.129 67.963 63.184 65.764 55.783 15.756 80.949 27.053 25.369 12.053 76.785 58.596 11.203 71.493 77.015 38.707 64.824 30.588 49.520 69.206 39.129 67.963 63.184 65.764 55.783 15.756 80.949 27.053 25.369 12.053 76.785 58.596 11.203
 83.393 47.782 71.670 79.490 62.013 45.437 24.901 55.629 21.069 55.472 29.023 33.422 57.803 24.732 38.544 22.290 30.115 30.613 60.466 29.619 83.393 47.782 71.670 79.490 62.013 45.437 24.901 55.629 21.069 55.472 29.023 33.422 57.803 24.732 38.544 22.290 30.115 30.613 60.466 29.619
 59.198 60.018 27.297 44.601 71.890 69.741 38.775 28.518 65.632 73.026 44.677 47.872 48.277 24.200 34.510 29.594 66.996 52.790 71.697 25.836 59.198 60.018 27.297 44.601 71.890 69.741 38.775 28.518 65.632 73.026 44.677 47.872 48.277 24.200 34.510 29.594 66.996 52.790 71.697 25.836
 13.072 45.357 28.594 51.781 70.694 28.114 30.691 89.916 69.096 70.204 60.982 49.648 62.777 66.972 27.488 34.194 19.565 64.716 24.497 81.240 13.072 45.357 28.594 51.781 70.694 28.114 30.691 89.916 69.096 70.204 60.982 49.648 62.777 66.972 27.488 34.194 19.565 64.716 24.497 81.240
 25.877 58.662 68.683 27.079 39.576 19.200 47.650 59.837 36.905 69.991 49.774 69.094 85.247 74.917 57.718 70.588 52.336 45.636 30.412 75.069 25.877 58.662 68.683 27.079 39.576 19.200 47.650 59.837 36.905 69.991 49.774 69.094 85.247 74.917 57.718 70.588 52.336 45.636 30.412 75.069
 33.008 86.619 63.767 49.574 58.059 43.638 75.901 82.484 34.598 77.457 11.169 71.579 52.470 84.361 39.280 11.845 10.110 45.541 33.085 50.367 33.008 86.619 63.767 49.574 58.059 43.638 75.901 82.484 34.598 77.457 11.169 71.579 52.470 84.361 39.280 11.845 10.110 45.541 33.085 50.367
 16.614 82.754 74.135 83.957 19.937 40.386 82.685 57.712 57.704 78.214 21.653 21.695 65.225 57.088 30.159  9.585 81.950 74.074 73.852 88.161 16.614 82.754 74.135 83.957 19.937 40.386 82.685 57.712 57.704 78.214 21.653 21.695 65.225 57.088 30.159  9.585 81.950 74.074 73.852 88.161
 49.951 84.731 56.733 16.547 31.769 82.132 51.191 85.857 40.822 72.098 44.014 85.597 80.142 27.291 76.657 31.621 33.484 11.414 52.645 90.695 49.951 84.731 56.733 16.547 31.769 82.132 51.191 85.857 40.822 72.098 44.014 85.597 80.142 27.291 76.657 31.621 33.484 11.414 52.645 90.695
 70.231 41.795 40.214 35.494 48.360 33.231 64.779 33.895 57.702 59.364 55.169 34.555 32.051 44.425 69.326 37.094 56.404 28.849 59.448 67.821 70.231 41.795 40.214 35.494 48.360 33.231 64.779 33.895 57.702 59.364 55.169 34.555 32.051 44.425 69.326 37.094 56.404 28.849 59.448 67.821
 15.583 49.849 54.316 85.296 86.069 16.125 54.683 46.462 75.790 68.160 73.692 21.120 72.477 31.470 66.396 88.057 65.893 37.073 85.566 46.822 15.583 49.849 54.316 85.296 86.069 16.125 54.683 46.462 75.790 68.160 73.692 21.120 72.477 31.470 66.396 88.057 65.893 37.073 85.566 46.822
 50.676 77.678 54.351 66.711 66.335 31.441 21.335 27.599 67.909 27.657 29.465 76.168 70.618 16.981 87.863 20.124 36.495 75.072 81.516 30.385 50.676 77.678 54.351 66.711 66.335 31.441 21.335 27.599 67.909 27.657 29.465 76.168 70.618 16.981 87.863 20.124 36.495 75.072 81.516 30.385
 31.162 62.041 42.664 43.454 82.920 31.154 78.292 26.244 39.160 55.731 11.772 36.788 57.008 36.700 30.711 84.632 72.720 30.128 22.302 30.853 31.162 62.041 42.664 43.454 82.920 31.154 78.292 26.244 39.160 55.731 11.772 36.788 57.008 36.700 30.711 84.632 72.720 30.128 22.302 30.853
 38.163 14.038 31.181 77.376 55.604 65.496 39.496 26.697 44.704 28.949 30.289 85.752 42.762 47.275 23.422 26.936 46.503 68.460 41.528 70.187 38.163 14.038 31.181 77.376 55.604 65.496 39.496 26.697 44.704 28.949 30.289 85.752 42.762 47.275 23.422 26.936 46.503 68.460 41.528 70.187
 62.574 56.256 82.841 21.356 62.542 61.453 19.131 26.936 61.103 67.247 21.862 23.436 51.922 72.468 45.481 62.276 54.128 76.344 31.341 32.263 62.574 56.256 82.841 21.356 62.542 61.453 19.131 26.936 61.103 67.247 21.862 23.436 51.922 72.468 45.481 62.276 54.128 76.344 31.341 32.263
 25.941 27.780 42.831 66.080 29.201 12.879 82.093 25.462 51.549 87.499 33.886 32.080 41.606 85.770 75.217 47.472 28.269 27.339 30.754 36.936 25.941 27.780 42.831 66.080 29.201 12.879 82.093 25.462 51.549 87.499 33.886 32.080 41.606 85.770 75.217 47.472 28.269 27.339 30.754 36.936
 55.691 77.624 45.952 44.926 12.745 16.056 29.796 47.032 47.722 87.200  8.861 11.957 10.327 17.546 20.696 28.988 11.740 46.398 17.550 89.645 55.691 77.624 45.952 44.926 12.745 16.056 29.796 47.032 47.722 87.200  8.861 11.957 10.327 17.546 20.696 28.988 11.740 46.398 17.550 89.645
 51.036 35.546 38.962 51.869 58.768 27.832 61.497 58.516 62.684 45.253 71.284 45.783 23.911 28.027 36.419 47.228 50.142 55.913 16.899 34.842 51.036 35.546 38.962 51.869 58.768 27.832 61.497 58.516 62.684 45.253 71.284 45.783 23.911 28.027 36.419 47.228 50.142 55.913 16.899 34.842
 56.311 84.456 86.454 64.918 33.332 53.940 44.513 25.241 71.122 12.589 66.694 56.763 18.539 74.862 33.188 65.190 29.154 16.830 40.302 69.687 56.311 84.456 86.454 64.918 33.332 53.940 44.513 25.241 71.122 12.589 66.694 56.763 18.539 74.862 33.188 65.190 29.154 16.830 40.302 69.687
 71.163 37.483 19.812 45.042 75.546 71.222 44.825 79.371 12.873 69.138 86.809 51.506 42.762 58.497 83.382 79.343 65.544 65.502 44.237 37.668 71.163 37.483 19.812 45.042 75.546 71.222 44.825 79.371 12.873 69.138 86.809 51.506 42.762 58.497 83.382 79.343 65.544 65.502 44.237 37.668
 88.543 62.487 65.750 20.988 46.548 88.754 37.998 85.826 31.032 66.527 37.351 78.465 38.930 34.357 44.315  9.643 69.379 48.372 82.152 71.491 88.543 62.487 65.750 20.988 46.548 88.754 37.998 85.826 31.032 66.527 37.351 78.465 38.930 34.357 44.315  9.643 69.379 48.372 82.152 71.491
 53.820 38.626 53.760 58.581 78.083 30.366 31.833 35.970 77.706 42.359 47.778 24.020 84.754 43.467 21.798 83.047 72.402 54.975 18.958 51.520 53.820 38.626 53.760 58.581 78.083 30.366 31.833 35.970 77.706 42.359 47.778 24.020 84.754 43.467 21.798 83.047 72.402 54.975 18.958 51.520
 22.417 60.080 20.893 54.365 13.224 75.205 21.877 27.187 68.478 82.283 11.500 45.183 56.790 20.321 54.793 48.141 27.625 42.228 62.380 69.873 22.417 60.080 20.893 54.365 13.224 75.205 21.877 27.187 68.478 82.283 11.500 45.183 56.790 20.321 54.793 48.141 27.625 42.228 62.380 69.873
 31.689 44.967 56.461 59.482 46.112 69.981 36.226 64.472 33.719 45.822 35.291 39.519 30.129 38.326 68.743 56.837 45.020 45.517 33.765 66.582 31.689 44.967 56.461 59.482 46.112 69.981 36.226 64.472 33.719 45.822 35.291 39.519 30.129 38.326 68.743 56.837 45.020 45.517 33.765 66.582
 47.661 71.362 45.852 38.887 36.987 31.250 57.749 39.416 69.639 23.197 27.921 71.628 31.129 55.156 81.552 66.088 15.437 45.845 67.176 36.504 47.661 71.362 45.852 38.887 36.987 31.250 57.749 39.416 69.639 23.197 27.921 71.628 31.129 55.156 81.552 66.088 15.437 45.845 67.176 36.504
 64.938 59.230 30.779 62.355 75.984 72.457 25.149 35.660 53.287 56.816 66.964 61.945 26.553 19.455 82.914 55.242 64.481 22.898 75.282 27.856 64.938 59.230 30.779 62.355 75.984 72.457 25.149 35.660 53.287 56.816 66.964 61.945 26.553 19.455 82.914 55.242 64.481 22.898 75.282 27.856
 47.737 20.724 49.052 20.118 65.756 81.849 57.835 10.558 52.455 10.751 40.135 40.862 62.962 52.731 84.019 40.894 64.525 82.562 45.984 69.242 47.737 20.724 49.052 20.118 65.756 81.849 57.835 10.558 52.455 10.751 40.135 40.862 62.962 52.731 84.019 40.894 64.525 82.562 45.984 69.242
 81.974 52.749 77.837 17.780 74.791 46.086 72.454 82.969 28.385  9.394 81.318 72.390 87.836 81.797 90.251 38.105 22.571 63.801 15.583 84.486 81.974 52.749 77.837 17.780 74.791 46.086 72.454 82.969 28.385  9.394 81.318 72.390 87.836 81.797 90.251 38.105 22.571 63.801 15.583 84.486
 37.936 52.472 27.579 28.891 60.888 49.552 37.563 31.071 47.536 30.936 34.684 34.343 50.033 24.213 12.906 71.509 55.118 21.613 15.503 64.286 37.936 52.472 27.579 28.891 60.888 49.552 37.563 31.071 47.536 30.936 34.684 34.343 50.033 24.213 12.906 71.509 55.118 21.613 15.503 64.286
 30.500 58.098 54.158 31.742 56.028 69.678 55.667 46.524 41.680 68.459 69.220 53.707 59.613 66.008 54.085 38.553 29.657 37.489 56.130 31.969 30.500 58.098 54.158 31.742 56.028 69.678 55.667 46.524 41.680 68.459 69.220 53.707 59.613 66.008 54.085 38.553 29.657 37.489 56.130 31.969
 56.220 64.266 42.992 62.870 69.507 47.805 36.673 52.997 35.002 55.820 68.189 36.686 47.763 66.380 30.626 32.346 71.591 50.300 36.998 56.658 56.220 64.266 42.992 62.870 69.507 47.805 36.673 52.997 35.002 55.820 68.189 36.686 47.763 66.380 30.626 32.346 71.591 50.300 36.998 56.658
 21.767 86.943 23.637 39.089 78.752 32.856 52.272 16.553 79.159 86.844 87.761 65.816 29.232 25.152 39.209 25.430 87.448 60.639 16.141 11.139 21.767 86.943 23.637 39.089 78.752 32.856 52.272 16.553 79.159 86.844 87.761 65.816 29.232 25.152 39.209 25.430 87.448 60.639 16.141 11.139
 21.479 44.434 30.883 52.814 72.578 84.874 38.992 53.391 74.114 53.590 25.154 71.828 52.377 76.207 62.984 62.561 42.208 35.209 78.286 38.295 21.479 44.434 30.883 52.814 72.578 84.874 38.992 53.391 74.114 53.590 25.154 71.828 52.377 76.207 62.984 62.561 42.208 35.209 78.286 38.295
 52.254 38.886 27.076 78.764 46.336 64.188 27.132 32.065 17.199 21.083 73.784 64.618 53.440 44.865 55.706 66.718 49.570 63.876 51.751 23.536 52.254 38.886 27.076 78.764 46.336 64.188 27.132 32.065 17.199 21.083 73.784 64.618 53.440 44.865 55.706 66.718 49.570 63.876 51.751 23.536
 67.122 13.724 80.058 80.355 57.871 78.754 53.249 69.028 12.153 53.120 30.196 77.496 86.221 10.512 67.721 42.199 88.085 74.678 38.976 34.488 67.122 13.724 80.058 80.355 57.871 78.754 53.249 69.028 12.153 53.120 30.196 77.496 86.221 10.512 67.721 42.199 88.085 74.678 38.976 34.488
 44.018 31.710 90.139 86.525 49.600 51.937 32.604 75.343 76.629 53.125 19.962 86.927 52.485 71.725 36.716 20.290 17.029 13.135 25.196 11.168 44.018 31.710 90.139 86.525 49.600 51.937 32.604 75.343 76.629 53.125 19.962 86.927 52.485 71.725 36.716 20.290 17.029 13.135 25.196 11.168
 73.671 46.906 55.926 41.192 40.314 26.203 77.700 69.551 33.798 23.565 30.641 52.623 50.693 43.595 26.753 36.658 59.385 24.850 20.501 25.587 73.671 46.906 55.926 41.192 40.314 26.203 77.700 69.551 33.798 23.565 30.641 52.623 50.693 43.595 26.753 36.658 59.385 24.850 20.501 25.587
 22.961 66.309 18.472 89.797 74.218 71.347 59.772 60.521 49.701 29.544 16.184 36.446 67.305 80.943 37.027 68.154 35.602 72.486 84.621 45.549 22.961 66.309 18.472 89.797 74.218 71.347 59.772 60.521 49.701 29.544 16.184 36.446 67.305 80.943 37.027 68.154 35.602 72.486 84.621 45.549
 65.459 78.416 75.165 40.238 37.679 38.847 62.692 14.786 59.174 66.053 24.067 25.462 53.053 66.809 60.307 60.425 16.205 72.555 31.729 69.163 65.459 78.416 75.165 40.238 37.679 38.847 62.692 14.786 59.174 66.053 24.067 25.462 53.053 66.809 60.307 60.425 16.205 72.555 31.729 69.163
 40.791 17.146 34.030 63.420 24.429  9.806 85.331 40.122 48.844 62.891 78.235 20.072 88.397 71.874 53.317 28.389 54.809 72.318 26.969 34.530 40.791 17.146 34.030 63.420 24.429  9.806 85.331 40.122 48.844 62.891 78.235 20.072 88.397 71.874 53.317 28.389 54.809 72.318 26.969 34.530
 63.635 77.146 33.277 55.635 44.578 74.476 68.180 43.990 25.266 43.956 37.374 72.066 56.427 46.478 58.973 26.544 66.350 25.068 64.101 42.357 63.635 77.146 33.277 55.635 44.578 74.476 68.180 43.990 25.266 43.956 37.374 72.066 56.427 46.478 58.973 26.544 66.350 25.068 64.101 42.357
 75.243 56.052 50.425 35.023 35.191 84.983 26.246 70.111 84.212 71.654 72.734 53.275 60.540 40.359 85.525 61.118 80.762 13.329 75.542 43.675 75.243 56.052 50.425 35.023 35.191 84.983 26.246 70.111 84.212 71.654 72.734 53.275 60.540 40.359 85.525 61.118 80.762 13.329 75.542 43.675
 58.671 26.868 85.389 37.830 64.436 19.204 34.227 44.326 16.354 28.425 22.806 73.004 75.898 33.707 27.188 39.466 33.845 63.069 19.554 33.839 58.671 26.868 85.389 37.830 64.436 19.204 34.227 44.326 16.354 28.425 22.806 73.004 75.898 33.707 27.188 39.466 33.845 63.069 19.554 33.839
 33.452 17.556  8.620 13.537 17.155 39.362 18.164 57.947 22.788 78.780 20.495 80.721  9.610 66.106 34.330 66.697 75.998 48.393 52.239 91.226 33.452 17.556  8.620 13.537 17.155 39.362 18.164 57.947 22.788 78.780 20.495 80.721  9.610 66.106 34.330 66.697 75.998 48.393 52.239 91.226
 78.953 43.553 35.181 36.372 38.980 40.630 58.450 40.036 71.273 71.434 65.320 63.448 63.414 28.925 23.491 65.106 49.222 48.813 53.236 25.002 78.953 43.553 35.181 36.372 38.980 40.630 58.450 40.036 71.273 71.434 65.320 63.448 63.414 28.925 23.491 65.106 49.222 48.813 53.236 25.002
 32.594 51.236 37.009 63.250 22.981 49.277 50.574 66.855 47.188 59.736 41.080 30.629 21.962 87.667 44.086 63.061 74.163 17.659 61.092 19.108 32.594 51.236 37.009 63.250 22.981 49.277 50.574 66.855 47.188 59.736 41.080 30.629 21.962 87.667 44.086 63.061 74.163 17.659 61.092 19.108
 61.621 64.626 71.725 71.754 18.200 69.561 75.005 42.398 44.707 74.650 73.600 60.773 63.139 43.683 47.257 34.091 52.181 54.762 52.391 81.390 61.621 64.626 71.725 71.754 18.200 69.561 75.005 42.398 44.707 74.650 73.600 60.773 63.139 43.683 47.257 34.091 52.181 54.762 52.391 81.390


>> Numero de clusteres: 75. Numero de elementos en cada cluster:

  1722  1776  4465   665  4430   590  1754   582   602  1773
  3559  2757   695  1706  1793  2850 10121  4340  5078  3437
  3483  3517  1674  1766  7100  1740  4387  5171  2742  1807
  2868  4542  3386  3479  1707  1674  1688   599  2741  1729
  1801  1848  4477  2746  1649  6213  2781  4408  1738  3422
  1791   681  3530  3385  1792  1665  2874   600   661  1650
  4465  7077  1701  1708  4495  3356  4435  1754  3576  1739
  4372  1661  2012  1903  5179


>> Densidad de los clusters: b[i]

    42.32    50.30   118.84   221.56    91.86   222.53    47.11   219.21   220.75    49.45
   128.07    45.35   222.14    40.14    52.11    52.69    37.23    79.10   136.22   129.00
   107.69    93.96    35.42    48.25   124.82    44.76    84.25   138.80    43.63    53.55
    54.43   120.45    81.21   114.90    40.09    35.68    37.91   220.42    44.00    43.39
    52.62    58.76   106.92    44.52    31.61   139.86    47.32   101.73    44.49   104.18
    51.32   223.15   130.91   125.29    52.11    34.30    54.41   219.07   222.18    31.85
   117.13   132.57    38.83    40.51    87.31    79.73    96.66    46.84   128.84    45.06
    84.12    33.33    75.60    64.84   147.04


>> Analisis de enfermedades (medianas) en los grupos

Enfermedad:  0 - mmax: 0.41 (grupo  8) - mmin: 0.37 (grupo  5)
Enfermedad:  1 - mmax: 0.60 (grupo  3) - mmin: 0.58 (grupo  8)
Enfermedad:  2 - mmax: 0.41 (grupo 43) - mmin: 0.38 (grupo  3)
Enfermedad:  3 - mmax: 0.61 (grupo 57) - mmin: 0.57 (grupo  8)
Enfermedad:  4 - mmax: 0.41 (grupo  5) - mmin: 0.38 (grupo 30)
Enfermedad:  5 - mmax: 0.61 (grupo  3) - mmin: 0.58 (grupo  0)
Enfermedad:  6 - mmax: 0.41 (grupo 14) - mmin: 0.38 (grupo  5)
Enfermedad:  7 - mmax: 0.61 (grupo  3) - mmin: 0.58 (grupo 39)
Enfermedad:  8 - mmax: 0.41 (grupo  3) - mmin: 0.38 (grupo  8)
Enfermedad:  9 - mmax: 0.61 (grupo 29) - mmin: 0.58 (grupo 25)
Enfermedad: 10 - mmax: 0.41 (grupo  7) - mmin: 0.38 (grupo  1)
Enfermedad: 11 - mmax: 0.61 (grupo 12) - mmin: 0.58 (grupo  3)
Enfermedad: 12 - mmax: 0.41 (grupo 25) - mmin: 0.38 (grupo 12)
Enfermedad: 13 - mmax: 0.61 (grupo 34) - mmin: 0.58 (grupo 35)
Enfermedad: 14 - mmax: 0.41 (grupo  7) - mmin: 0.38 (grupo 29)
Enfermedad: 15 - mmax: 0.61 (grupo 39) - mmin: 0.58 (grupo 36)
Enfermedad: 16 - mmax: 0.41 (grupo 19) - mmin: 0.37 (grupo  3)
Enfermedad: 17 - mmax: 0.61 (grupo 37) - mmin: 0.57 (grupo 12)


