>> Centroides de los clusters

 12.784 21.387 54.248 65.396 17.574 15.747 60.878 75.631 10.723 28.621 68.179 71.540 40.187 53.829 68.070 63.782 18.392 64.634 69.419 14.181 12.784 21.387 54.248 65.396 17.574 15.747 60.878 75.631 10.723 28.621 68.179 71.540 40.187 53.829 68.070 63.782 18.392 64.634 69.419 14.181
 74.420 31.579 30.735 45.759 33.989 65.325 34.856 16.713 20.290 39.741 85.527 14.022 26.530 40.056 58.412 75.572 20.916 73.063 56.725 75.393 74.420 31.579 30.735 45.759 33.989 65.325 34.856 16.713 20.290 39.741 85.527 14.022 26.530 40.056 58.412 75.572 20.916 73.063 56.725 75.393
 42.959 29.441 25.340 33.178 58.876 35.289 47.784 78.425 39.566 66.472 47.346 34.122 21.123 83.515 43.969 59.388 53.783 36.340 43.249 44.142 42.959 29.441 25.340 33.178 58.876 35.289 47.784 78.425 39.566 66.472 47.346 34.122 21.123 83.515 43.969 59.388 53.783 36.340 43.249 44.142
 48.117 82.381 68.660 63.039 13.306 57.211 47.169 40.345  9.901 50.362 87.399 76.272 85.768 66.963 35.591 14.756 57.019 32.506 69.498 90.268 48.117 82.381 68.660 63.039 13.306 57.211 47.169 40.345  9.901 50.362 87.399 76.272 85.768 66.963 35.591 14.756 57.019 32.506 69.498 90.268
 72.699 81.717 49.303 31.413 33.128 36.945 75.889 26.126 60.527 43.184 12.424 75.161 51.425 14.039 21.364 67.835 80.054 80.411 15.690 85.909 72.699 81.717 49.303 31.413 33.128 36.945 75.889 26.126 60.527 43.184 12.424 75.161 51.425 14.039 21.364 67.835 80.054 80.411 15.690 85.909
 68.697 12.799 39.941  9.862 28.139 84.959 14.786 31.971 52.903 35.647 36.469 29.546 85.496 15.709 49.302 21.247 37.441 46.315 54.930 33.760 68.697 12.799 39.941  9.862 28.139 84.959 14.786 31.971 52.903 35.647 36.469 29.546 85.496 15.709 49.302 21.247 37.441 46.315 54.930 33.760
 39.232 16.163 53.679 58.653 70.726 81.556 50.025 51.315 76.215 61.365 71.696 47.234 41.991 30.053 45.342 19.046 54.047 47.952 59.406 22.054 39.232 16.163 53.679 58.653 70.726 81.556 50.025 51.315 76.215 61.365 71.696 47.234 41.991 30.053 45.342 19.046 54.047 47.952 59.406 22.054
 35.085 62.573 63.180 59.736 56.256 70.986 53.602 66.357 38.076 35.276 53.890 40.409 34.989 42.134 62.390 55.931 52.836 44.803 37.212 59.183 35.085 62.573 63.180 59.736 56.256 70.986 53.602 66.357 38.076 35.276 53.890 40.409 34.989 42.134 62.390 55.931 52.836 44.803 37.212 59.183
 67.260 14.329 80.022 80.095 58.009 78.696 53.383 68.992 12.664 53.091 30.076 77.242 85.742 10.792 67.765 42.312 87.646 74.511 38.990 34.621 67.260 14.329 80.022 80.095 58.009 78.696 53.383 68.992 12.664 53.091 30.076 77.242 85.742 10.792 67.765 42.312 87.646 74.511 38.990 34.621
 38.243 48.179 44.223 47.054 75.717 31.510 81.282 31.574 28.675 26.352 63.224 82.026 81.576 27.939 45.820 14.563 26.813 29.127 80.437 69.753 38.243 48.179 44.223 47.054 75.717 31.510 81.282 31.574 28.675 26.352 63.224 82.026 81.576 27.939 45.820 14.563 26.813 29.127 80.437 69.753
 66.749 51.404 71.634 50.453 42.238 29.313 56.708 47.468 35.359 20.782 29.155 70.412 73.606 23.610 28.806 39.564 46.486 39.268 18.072 34.813 66.749 51.404 71.634 50.453 42.238 29.313 56.708 47.468 35.359 20.782 29.155 70.412 73.606 23.610 28.806 39.564 46.486 39.268 18.072 34.813
 44.405 85.945 35.429 66.692 81.117 28.537 51.797 43.384 49.661 73.538 54.000 26.503 84.938 18.940 58.212 16.403 16.378 22.604 27.994 53.195 44.405 85.945 35.429 66.692 81.117 28.537 51.797 43.384 49.661 73.538 54.000 26.503 84.938 18.940 58.212 16.403 16.378 22.604 27.994 53.195
 71.523 53.642 35.867 22.729 21.040 17.363 73.976 51.283 71.458 21.435 16.318 62.039 29.752 31.822 85.461 87.074 18.133 82.257 82.747 20.060 71.523 53.642 35.867 22.729 21.040 17.363 73.976 51.283 71.458 21.435 16.318 62.039 29.752 31.822 85.461 87.074 18.133 82.257 82.747 20.060
 56.315 64.185 52.778 78.306 19.454 36.303 37.988 72.714 47.419 13.131 16.032 62.573 15.473 26.759 30.924 59.600 24.360 52.380 51.277 45.964 56.315 64.185 52.778 78.306 19.454 36.303 37.988 72.714 47.419 13.131 16.032 62.573 15.473 26.759 30.924 59.600 24.360 52.380 51.277 45.964
 79.928 62.416 75.814 26.006 34.561 50.330 51.583 63.471 77.773 22.877 72.518 47.784 52.367 69.739 29.809 84.912 54.040 41.145 81.417 75.248 79.928 62.416 75.814 26.006 34.561 50.330 51.583 63.471 77.773 22.877 72.518 47.784 52.367 69.739 29.809 84.912 54.040 41.145 81.417 75.248
 33.448 17.509  8.653 13.597 17.210 39.661 18.215 57.898 22.774 78.519 20.646 80.831  9.706 65.816 34.367 66.835 75.911 48.448 52.571 91.221 33.448 17.509  8.653 13.597 17.210 39.661 18.215 57.898 22.774 78.519 20.646 80.831  9.706 65.816 34.367 66.835 75.911 48.448 52.571 91.221
 44.722 76.156 38.925 16.548 45.001 83.872 37.248 72.172 85.726 77.322 83.631 61.155 55.370 40.204 87.808 79.695 65.811 27.694 70.091 57.588 44.722 76.156 38.925 16.548 45.001 83.872 37.248 72.172 85.726 77.322 83.631 61.155 55.370 40.204 87.808 79.695 65.811 27.694 70.091 57.588
 65.123 85.927 35.735 18.790 41.651 55.359 21.601 52.927 16.362 16.530 19.933 19.337 46.255 72.405 19.697 68.586 47.382 64.438 67.642 29.600 65.123 85.927 35.735 18.790 41.651 55.359 21.601 52.927 16.362 16.530 19.933 19.337 46.255 72.405 19.697 68.586 47.382 64.438 67.642 29.600
 53.927 35.156 81.644 22.677 58.936 69.909 39.640 46.825 15.356 54.918 37.221 59.903 66.592 62.933 42.409 78.779 48.351 68.054 75.917 45.355 53.927 35.156 81.644 22.677 58.936 69.909 39.640 46.825 15.356 54.918 37.221 59.903 66.592 62.933 42.409 78.779 48.351 68.054 75.917 45.355
 41.751 26.280 67.619 43.386 68.131 35.650 79.846 59.209 40.938 69.780 39.341 78.192 66.801 56.047 30.337 79.460 26.520 64.552 67.278 62.670 41.751 26.280 67.619 43.386 68.131 35.650 79.846 59.209 40.938 69.780 39.341 78.192 66.801 56.047 30.337 79.460 26.520 64.552 67.278 62.670
 34.054 38.682 61.721 59.508 14.712 23.941 53.241 68.072 66.032 51.872 57.240 26.817 28.091 32.449 31.713 38.316 73.931 68.281 30.028 34.982 34.054 38.682 61.721 59.508 14.712 23.941 53.241 68.072 66.032 51.872 57.240 26.817 28.091 32.449 31.713 38.316 73.931 68.281 30.028 34.982
 40.236 19.966 68.231 38.444 26.000 57.970 50.296 37.573 65.202 24.437 56.568 47.978 29.520 79.629 60.445 17.628 63.960 62.156 82.547 46.945 40.236 19.966 68.231 38.444 26.000 57.970 50.296 37.573 65.202 24.437 56.568 47.978 29.520 79.629 60.445 17.628 63.960 62.156 82.547 46.945
 48.716 27.194 52.528 44.911 79.506 32.980 29.809 28.644 13.949 37.869 34.598 49.737 36.241 57.205 58.999 45.320 35.398 68.097 35.152 28.730 48.716 27.194 52.528 44.911 79.506 32.980 29.809 28.644 13.949 37.869 34.598 49.737 36.241 57.205 58.999 45.320 35.398 68.097 35.152 28.730
 81.787 52.579 77.766 17.922 74.517 46.123 72.218 83.018 28.734  9.550 81.312 72.328 87.804 81.620 90.102 38.178 22.557 63.641 15.725 84.298 81.787 52.579 77.766 17.922 74.517 46.123 72.218 83.018 28.734  9.550 81.312 72.328 87.804 81.620 90.102 38.178 22.557 63.641 15.725 84.298
 72.184 29.037 33.792 30.617 25.859 82.427 83.624 28.332 54.484 67.090 30.827 34.806 61.137 61.978 30.397 50.452 47.510 63.748 45.129 42.272 72.184 29.037 33.792 30.617 25.859 82.427 83.624 28.332 54.484 67.090 30.827 34.806 61.137 61.978 30.397 50.452 47.510 63.748 45.129 42.272
 66.177 87.710 27.661 18.152 36.263 21.927 27.424 60.586 38.072 26.673 13.431 16.973 40.887 68.722 81.534 27.417 65.202 39.514 65.603 88.056 66.177 87.710 27.661 18.152 36.263 21.927 27.424 60.586 38.072 26.673 13.431 16.973 40.887 68.722 81.534 27.417 65.202 39.514 65.603 88.056
 29.763 44.824 55.007 45.541 27.311 52.547 71.436 49.012 56.643 66.436 74.746 28.862 81.062 25.710 83.264 48.954 71.287 47.749 20.833 26.172 29.763 44.824 55.007 45.541 27.311 52.547 71.436 49.012 56.643 66.436 74.746 28.862 81.062 25.710 83.264 48.954 71.287 47.749 20.833 26.172
 27.420 44.888 61.559 22.869 66.146 17.777 79.182 45.887 52.265 22.206 48.309 62.060 31.486 70.338 47.769 48.197 57.068 42.979 50.135 69.332 27.420 44.888 61.559 22.869 66.146 17.777 79.182 45.887 52.265 22.206 48.309 62.060 31.486 70.338 47.769 48.197 57.068 42.979 50.135 69.332
 40.606 59.136 87.763 36.004 13.358 41.881 37.441 29.600 32.429 68.715 73.905 67.049 12.228 39.272 38.113 11.645 62.246 42.731 21.405 15.502 40.606 59.136 87.763 36.004 13.358 41.881 37.441 29.600 32.429 68.715 73.905 67.049 12.228 39.272 38.113 11.645 62.246 42.731 21.405 15.502
 49.517 82.461 31.327 76.618 52.795 51.604 63.164 51.861 61.610 43.727 42.565 49.010 31.959 85.126 29.231 50.342 26.384 77.643 70.086 27.656 49.517 82.461 31.327 76.618 52.795 51.604 63.164 51.861 61.610 43.727 42.565 49.010 31.959 85.126 29.231 50.342 26.384 77.643 70.086 27.656
 83.196 47.852 71.366 79.121 61.959 45.578 25.215 55.474 21.494 55.528 29.399 33.250 57.919 25.349 38.634 22.627 30.693 30.691 60.673 29.986 83.196 47.852 71.366 79.121 61.959 45.578 25.215 55.474 21.494 55.528 29.399 33.250 57.919 25.349 38.634 22.627 30.693 30.691 60.673 29.986
 53.326 70.573 31.415 44.870 57.368 39.856 39.529 37.106 64.419 72.884 44.317 71.423 37.888 25.977 37.431 42.683 72.397 59.237 54.354 20.117 53.326 70.573 31.415 44.870 57.368 39.856 39.529 37.106 64.419 72.884 44.317 71.423 37.888 25.977 37.431 42.683 72.397 59.237 54.354 20.117
 13.617 45.449 28.769 51.620 70.326 28.721 30.819 89.331 68.988 69.698 60.873 49.623 62.735 66.899 27.667 34.279 20.022 64.544 24.796 81.085 13.617 45.449 28.769 51.620 70.326 28.721 30.819 89.331 68.988 69.698 60.873 49.623 62.735 66.899 27.667 34.279 20.022 64.544 24.796 81.085
 30.403 70.298 47.745 22.250 23.766 21.836 27.231 57.347 49.315 81.233 43.256 51.100 81.803 80.383 70.891 61.704 86.124 28.713 28.493 68.865 30.403 70.298 47.745 22.250 23.766 21.836 27.231 57.347 49.315 81.233 43.256 51.100 81.803 80.383 70.891 61.704 86.124 28.713 28.493 68.865
 38.735 59.026 76.867 67.940 53.746 47.994 54.140 79.080 55.998 65.272 15.989 79.080 52.493 78.126 38.506 16.353 14.047 29.359 29.233 30.767 38.735 59.026 76.867 67.940 53.746 47.994 54.140 79.080 55.998 65.272 15.989 79.080 52.493 78.126 38.506 16.353 14.047 29.359 29.233 30.767
 32.989 65.895 73.409 72.415 23.982 60.732 85.153 53.674 55.360 79.984 36.950 33.574 76.721 49.196 41.963 24.739 83.633 79.290 62.565 76.086 32.989 65.895 73.409 72.415 23.982 60.732 85.153 53.674 55.360 79.984 36.950 33.574 76.721 49.196 41.963 24.739 83.633 79.290 62.565 76.086
 42.499 73.747 40.975 38.752 19.091 57.921 34.133 53.169 52.541 80.439 21.568 47.344 48.818 21.685 51.048 36.378 24.072 33.526 44.619 83.047 42.499 73.747 40.975 38.752 19.091 57.921 34.133 53.169 52.541 80.439 21.568 47.344 48.818 21.685 51.048 36.378 24.072 33.526 44.619 83.047
 87.313 61.456 72.480 90.441 15.191 70.067 89.449 37.886 72.967 90.743 81.170 59.184 15.122 22.870 53.045 48.244 13.936 46.764 36.467 88.162 87.313 61.456 72.480 90.441 15.191 70.067 89.449 37.886 72.967 90.743 81.170 59.184 15.122 22.870 53.045 48.244 13.936 46.764 36.467 88.162
 16.007 50.031 54.682 84.753 85.711 16.413 54.757 46.451 75.404 67.682 73.483 21.432 72.260 31.603 66.233 87.742 65.542 37.364 85.300 46.712 16.007 50.031 54.682 84.753 85.711 16.413 54.757 46.451 75.404 67.682 73.483 21.432 72.260 31.603 66.233 87.742 65.542 37.364 85.300 46.712
 50.527 77.416 54.469 66.356 66.004 31.633 21.657 27.852 67.744 27.940 30.176 75.691 70.269 17.340 87.541 21.068 36.585 74.681 81.037 30.648 50.527 77.416 54.469 66.356 66.004 31.633 21.657 27.852 67.744 27.940 30.176 75.691 70.269 17.340 87.541 21.068 36.585 74.681 81.037 30.648
 35.331 56.232 33.103 34.405 69.332 42.563 53.238 29.170 44.444 40.186 25.902 35.149 52.909 28.430 19.384 76.577 62.021 24.598 18.169 51.729 35.331 56.232 33.103 34.405 69.332 42.563 53.238 29.170 44.444 40.186 25.902 35.149 52.909 28.430 19.384 76.577 62.021 24.598 18.169 51.729
 66.496 35.358 45.282 70.242 48.819 35.736 39.413 53.473 62.228 57.937 56.160 60.738 52.750 56.829 65.830 50.168 63.558 47.192 54.668 70.987 66.496 35.358 45.282 70.242 48.819 35.736 39.413 53.473 62.228 57.937 56.160 60.738 52.750 56.829 65.830 50.168 63.558 47.192 54.668 70.987
 62.425 56.352 82.699 21.413 62.543 61.403 19.342 26.985 61.275 67.437 22.148 23.458 52.062 72.242 45.452 61.995 54.122 76.184 31.572 32.280 62.425 56.352 82.699 21.413 62.543 61.403 19.342 26.985 61.275 67.437 22.148 23.458 52.062 72.242 45.452 61.995 54.122 76.184 31.572 32.280
 31.676 23.657 39.376 64.765 27.380 11.717 83.297 31.067 50.592 78.026 51.060 27.606 59.765 80.592 66.762 40.046 38.409 44.345 29.591 36.191 31.676 23.657 39.376 64.765 27.380 11.717 83.297 31.067 50.592 78.026 51.060 27.606 59.765 80.592 66.762 40.046 38.409 44.345 29.591 36.191
 62.056 80.689 79.489 49.726 36.033 44.413 55.583 18.736 63.930 45.461 40.685 37.382 39.822 69.992 49.993 62.243 21.178 51.271 35.030 69.205 62.056 80.689 79.489 49.726 36.033 44.413 55.583 18.736 63.930 45.461 40.685 37.382 39.822 69.992 49.993 62.243 21.178 51.271 35.030 69.205
 67.128 41.186 35.164 47.065 71.309 30.562 70.860 56.014 52.992 49.755 64.393 53.951 30.825 39.446 31.773 37.683 43.493 44.721 22.294 31.924 67.128 41.186 35.164 47.065 71.309 30.562 70.860 56.014 52.992 49.755 64.393 53.951 30.825 39.446 31.773 37.683 43.493 44.721 22.294 31.924
 43.558 38.797 30.756 77.584 38.050 72.981 33.282 33.193 25.210 20.544 69.417 79.651 62.315 38.688 33.527 65.443 47.756 67.903 48.154 39.921 43.558 38.797 30.756 77.584 38.050 72.981 33.282 33.193 25.210 20.544 69.417 79.651 62.315 38.688 33.527 65.443 47.756 67.903 48.154 39.921
 71.281 50.028 20.590 40.084 67.953 74.008 52.932 77.592 18.498 61.014 79.686 55.965 52.581 48.552 85.057 65.005 68.171 54.696 49.566 34.094 71.281 50.028 20.590 40.084 67.953 74.008 52.932 77.592 18.498 61.014 79.686 55.965 52.581 48.552 85.057 65.005 68.171 54.696 49.566 34.094
 88.159 62.172 65.355 21.470 46.901 88.144 38.534 85.236 31.770 66.079 37.399 78.033 39.275 34.392 44.366 10.196 69.016 48.124 81.508 70.956 88.159 62.172 65.355 21.470 46.901 88.144 38.534 85.236 31.770 66.079 37.399 78.033 39.275 34.392 44.366 10.196 69.016 48.124 81.508 70.956
 53.947 38.670 53.727 58.442 77.811 30.583 32.262 36.173 77.563 42.229 48.069 24.316 84.445 43.640 22.031 82.657 72.119 54.931 19.439 51.417 53.947 38.670 53.727 58.442 77.811 30.583 32.262 36.173 77.563 42.229 48.069 24.316 84.445 43.640 22.031 82.657 72.119 54.931 19.439 51.417
 19.053 43.820 13.729 89.559 72.169 88.917 62.619 57.000 45.146 35.994 15.216 29.642 85.802 70.692 43.111 59.887 31.676 65.276 86.077 46.699 19.053 43.820 13.729 89.559 72.169 88.917 62.619 57.000 45.146 35.994 15.216 29.642 85.802 70.692 43.111 59.887 31.676 65.276 86.077 46.699
 47.586 21.156 48.628 20.841 65.051 80.862 57.828 11.232 52.980 11.765 40.653 41.127 63.049 52.012 83.574 40.791 64.339 81.637 46.000 69.131 47.586 21.156 48.628 20.841 65.051 80.862 57.828 11.232 52.980 11.765 40.653 41.127 63.049 52.012 83.574 40.791 64.339 81.637 46.000 69.131
 23.252 74.436 48.440 48.045 60.555 71.014 49.066 39.294 68.913 35.132 23.074 79.253 43.023 82.613 67.041 54.425 13.511 19.834 71.424 54.281 23.252 74.436 48.440 48.045 60.555 71.014 49.066 39.294 68.913 35.132 23.074 79.253 43.023 82.613 67.041 54.425 13.511 19.834 71.424 54.281
 49.654 43.048 23.953 64.191 78.516 75.498 21.931 44.974 62.560 62.444 60.014 61.425 36.791 33.589 77.810 58.850 72.606 31.789 73.562 22.300 49.654 43.048 23.953 64.191 78.516 75.498 21.931 44.974 62.560 62.444 60.014 61.425 36.791 33.589 77.810 58.850 72.606 31.789 73.562 22.300
 55.591 71.355 44.333 82.307 40.899 67.024 62.506 16.585 18.337 49.538 15.478 74.985 36.087 69.151 28.016 25.370 56.920 23.735 64.414 60.409 55.591 71.355 44.333 82.307 40.899 67.024 62.506 16.585 18.337 49.538 15.478 74.985 36.087 69.151 28.016 25.370 56.920 23.735 64.414 60.409


>> Numero de clusteres: 55. Numero de elementos en cada cluster:

  1766  1869  6353  1772  1719  1794  3692  1089  1739  1847
  8225  2846  1730  3464  1982  1667 11843  4390  5216  5257
  5265  3658  6266  1680  7264  1801  6167  5321  2806  3654
  2959  9032  3499  1825  3507  3470  5251  1689  2818  1796
  4625  1175  4534  4544  7295  6470  6287  6219  1816  3523
  1761  1896  4520  5106  1881

>> Densidad de los clusters: b[i]

    48.93    62.76   139.61    50.23    42.48    52.61   130.52   227.09    44.95    59.92
   121.63    53.46    44.16    93.50    75.04    34.59    34.08    80.76   132.93   153.66
   126.47    96.60   137.54    36.84   141.63    53.69   101.66   131.76    49.66   121.61
    62.01   105.51    90.62    56.88   104.70    96.26   135.11    38.35    51.07    53.10
    89.19   226.86   108.48    91.87   136.61   117.51   136.80   138.33    55.63   105.17
    48.29    65.68    85.63   141.51    63.29


>> Analisis de enfermedades (medianas) en los grupos

Enfermedad:  0 - mmax: 0.41 (grupo  5) - mmin: 0.38 (grupo 20)
Enfermedad:  1 - mmax: 0.61 (grupo 41) - mmin: 0.58 (grupo  3)
Enfermedad:  2 - mmax: 0.41 (grupo  8) - mmin: 0.38 (grupo 15)
Enfermedad:  3 - mmax: 0.60 (grupo  1) - mmin: 0.59 (grupo  0)
Enfermedad:  4 - mmax: 0.41 (grupo 23) - mmin: 0.38 (grupo 30)
Enfermedad:  5 - mmax: 0.60 (grupo  1) - mmin: 0.58 (grupo  0)
Enfermedad:  6 - mmax: 0.41 (grupo 12) - mmin: 0.38 (grupo  4)
Enfermedad:  7 - mmax: 0.61 (grupo 37) - mmin: 0.58 (grupo 39)
Enfermedad:  8 - mmax: 0.40 (grupo  4) - mmin: 0.38 (grupo  3)
Enfermedad:  9 - mmax: 0.60 (grupo  0) - mmin: 0.58 (grupo 25)
Enfermedad: 10 - mmax: 0.41 (grupo 15) - mmin: 0.39 (grupo  1)
Enfermedad: 11 - mmax: 0.61 (grupo 39) - mmin: 0.58 (grupo 41)
Enfermedad: 12 - mmax: 0.41 (grupo  7) - mmin: 0.39 (grupo  0)
Enfermedad: 13 - mmax: 0.60 (grupo  4) - mmin: 0.59 (grupo  0)
Enfermedad: 14 - mmax: 0.40 (grupo  0) - mmin: 0.38 (grupo 41)
Enfermedad: 15 - mmax: 0.61 (grupo  3) - mmin: 0.58 (grupo  7)
Enfermedad: 16 - mmax: 0.41 (grupo  8) - mmin: 0.38 (grupo 41)
Enfermedad: 17 - mmax: 0.60 (grupo  1) - mmin: 0.58 (grupo 41)


