
*** Ejecucion en serie ***


>> Centroides 0, 20, 40...

  cent 0 --  12.8 21.4 54.2 65.4 17.6 15.7 60.9 75.6 10.7 28.6 68.2 71.5 40.2 53.8 68.1 63.8 18.4 64.6 69.4 14.2 12.8 21.4 54.2 65.4 17.6 15.7 60.9 75.6 10.7 28.6 68.2 71.5 40.2 53.8 68.1 63.8 18.4 64.6 69.4 14.2

  cent20 --  34.1 38.7 61.7 59.5 14.7 23.9 53.2 68.1 66.0 51.9 57.2 26.8 28.1 32.4 31.7 38.3 73.9 68.3 30.0 35.0 34.1 38.7 61.7 59.5 14.7 23.9 53.2 68.1 66.0 51.9 57.2 26.8 28.1 32.4 31.7 38.3 73.9 68.3 30.0 35.0

  cent40 --  35.3 56.2 33.1 34.4 69.3 42.6 53.2 29.2 44.4 40.2 25.9 35.1 52.9 28.4 19.4 76.6 62.0 24.6 18.2 51.7 35.3 56.2 33.1 34.4 69.3 42.6 53.2 29.2 44.4 40.2 25.9 35.1 52.9 28.4 19.4 76.6 62.0 24.6 18.2 51.7

>> Numero de clusteres: 55. Tamanno de los grupos:

  1766  1869  6353  1772  1719  1794  3692  1089  1739  1847
  8225  2846  1730  3464  1982  1667 11843  4390  5216  5257
  5265  3658  6266  1680  7264  1801  6167  5321  2806  3654
  2959  9032  3499  1825  3507  3470  5251  1689  2818  1796
  4625  1175  4534  4544  7295  6470  6287  6219  1816  3523
  1761  1896  4520  5106  1881

>> Densidad de los clusters: b[i]

    48.93    62.76   139.61    50.23    42.48    52.61   130.52   227.09    44.95    59.92
   121.63    53.46    44.16    93.50    75.04    34.59    34.08    80.76   132.93   153.66
   126.47    96.60   137.54    36.84   141.63    53.69   101.66   131.76    49.66   121.61
    62.01   105.51    90.62    56.88   104.70    96.26   135.11    38.35    51.07    53.10
    89.19   226.86   108.48    91.87   136.61   117.51   136.80   138.33    55.63   105.17
    48.29    65.68    85.63   141.51    63.29

>> Analisis de enfermedades en los grupos

Enfermedad:  0 - max: 0.41 (grupo  5) - min: 0.38 (grupo 20)
Enfermedad:  1 - max: 0.61 (grupo 41) - min: 0.58 (grupo  3)
Enfermedad:  2 - max: 0.41 (grupo  8) - min: 0.38 (grupo 15)
Enfermedad:  3 - max: 0.60 (grupo  1) - min: 0.59 (grupo  0)
Enfermedad:  4 - max: 0.41 (grupo 23) - min: 0.38 (grupo 30)
Enfermedad:  5 - max: 0.60 (grupo  1) - min: 0.58 (grupo  0)
Enfermedad:  6 - max: 0.41 (grupo 12) - min: 0.38 (grupo  4)
Enfermedad:  7 - max: 0.61 (grupo 37) - min: 0.58 (grupo 39)
Enfermedad:  8 - max: 0.40 (grupo  4) - min: 0.38 (grupo  3)
Enfermedad:  9 - max: 0.60 (grupo  0) - min: 0.58 (grupo 25)
Enfermedad: 10 - max: 0.41 (grupo 15) - min: 0.39 (grupo  1)
Enfermedad: 11 - max: 0.61 (grupo 39) - min: 0.58 (grupo 41)
Enfermedad: 12 - max: 0.41 (grupo  7) - min: 0.39 (grupo  0)
Enfermedad: 13 - max: 0.60 (grupo  4) - min: 0.59 (grupo  0)
Enfermedad: 14 - max: 0.40 (grupo  0) - min: 0.38 (grupo 41)
Enfermedad: 15 - max: 0.61 (grupo  3) - min: 0.58 (grupo  7)
Enfermedad: 16 - max: 0.41 (grupo  8) - min: 0.38 (grupo 41)
Enfermedad: 17 - max: 0.60 (grupo  1) - min: 0.58 (grupo 41)

t_lec,3.296234
t_clust,355.907224
t_enf,34.881655
t_escri,0.002376
Texe,394.087488
