
*** Ejecucion en serie ***


>> Centroides 0, 20, 40...

  cent 0 --  24.8 63.9 92.7 97.1 30.3  9.6 35.2 86.3  5.1 78.9 67.6 10.0 17.0 50.1 99.8 60.6 36.1 48.8 76.6 10.8 24.8 63.9 92.7 97.1 30.3  9.6 35.2 86.3  5.1 78.9 67.6 10.0 17.0 50.1 99.8 60.6 36.1 48.8 76.6 10.8

  cent20 --  12.3 61.9 57.2 55.7 39.8 33.8 62.6 67.7 45.8 57.6 19.8 56.0 88.2 56.3 55.6 44.5 48.2 74.6 21.9 52.3 12.3 61.9 57.2 55.7 39.8 33.8 62.6 67.7 45.8 57.6 19.8 56.0 88.2 56.3 55.6 44.5 48.2 74.6 21.9 52.3

  cent40 --  31.2 62.7 43.8 43.0 84.3 30.7 78.9 26.1 39.9 55.0 11.4 35.7 58.1 35.3 29.1 85.5 73.4 28.8 21.5 31.4 31.2 62.7 43.8 43.0 84.3 30.7 78.9 26.1 39.9 55.0 11.4 35.7 58.1 35.3 29.1 85.5 73.4 28.8 21.5 31.4

  cent60 --  22.5 66.3 41.4 40.3 65.5 83.6 53.9 46.1 71.0 43.4 12.2 78.4 50.4 80.4 58.0 58.9 14.2 28.3 83.0 52.0 22.5 66.3 41.4 40.3 65.5 83.6 53.9 46.1 71.0 43.4 12.2 78.4 50.4 80.4 58.0 58.9 14.2 28.3 83.0 52.0

>> Numero de clusteres: 75. Tamanno de los grupos:

     0    25    25     0    27     0     0     0     0     2
    53     0     0     0     0     2    50    25     0     3
     4     1    25     0    25     0     1    23    25     2
     3    29    26     2     3    22    25     1    26     0
    25     3     0     5    25    76     1    25     2    25
     1     0    26    53     0     5    29     1     1    25
    28    50     3     0     0    25     0     0     5    27
     0    25    27     2    25

>> Densidad de los clusters: b[i]

     0.00    23.90    22.44     0.00    47.37     0.00     0.00     0.00     0.00    25.62
   105.99     0.00     0.00     0.00     0.00   103.02    35.14    23.63     0.00   195.96
   233.29     0.00    22.38     0.00    31.87     0.00     0.00    22.07    31.12   203.37
   203.04    60.93    33.12   201.66   207.59    21.36    23.72     0.00    43.22     0.00
    24.63   201.86     0.00   206.82    32.45   132.42     0.00    30.55   209.43    23.03
     0.00     0.00    40.47   128.87     0.00   203.70    66.43     0.00     0.00    23.71
    58.22    95.96    22.35     0.00     0.00    24.50     0.00     0.00   211.73    45.32
     0.00    23.47    46.75   275.93    22.34

>> Analisis de enfermedades en los grupos

Enfermedad:  0 - max: 0.64 (grupo 58) - min: 0.00 (grupo  0)
Enfermedad:  1 - max: 0.87 (grupo 34) - min: 0.00 (grupo  0)
Enfermedad:  2 - max: 0.59 (grupo 43) - min: 0.00 (grupo  0)
Enfermedad:  3 - max: 0.97 (grupo 37) - min: 0.00 (grupo  0)
Enfermedad:  4 - max: 0.69 (grupo 50) - min: 0.00 (grupo  0)
Enfermedad:  5 - max: 0.94 (grupo 26) - min: 0.00 (grupo  0)
Enfermedad:  6 - max: 0.67 (grupo 57) - min: 0.00 (grupo  0)
Enfermedad:  7 - max: 0.83 (grupo  9) - min: 0.00 (grupo  0)
Enfermedad:  8 - max: 0.54 (grupo 21) - min: 0.00 (grupo  0)
Enfermedad:  9 - max: 0.83 (grupo 41) - min: 0.00 (grupo  0)
Enfermedad: 10 - max: 0.56 (grupo 57) - min: 0.00 (grupo  0)
Enfermedad: 11 - max: 0.75 (grupo 68) - min: 0.00 (grupo  0)
Enfermedad: 12 - max: 0.60 (grupo 57) - min: 0.00 (grupo  0)
Enfermedad: 13 - max: 0.93 (grupo 46) - min: 0.00 (grupo  0)
Enfermedad: 14 - max: 0.68 (grupo 34) - min: 0.00 (grupo  0)
Enfermedad: 15 - max: 0.95 (grupo 46) - min: 0.00 (grupo  0)
Enfermedad: 16 - max: 0.59 (grupo 37) - min: 0.00 (grupo  0)
Enfermedad: 17 - max: 0.98 (grupo 26) - min: 0.00 (grupo  0)

t_lec,0.015274
t_clust,0.985980
t_enf,0.003183
t_escri,0.002823
Texe,1.007261
