>> Centroides de los clusters

 24.830 63.940 92.650 97.140 30.310  9.560 35.240 86.280  5.110 78.890 67.610 10.030 16.970 50.080 99.800 60.600 36.100 48.790 76.630 10.840 24.830 63.940 92.650 97.140 30.310  9.560 35.240 86.280  5.110 78.890 67.610 10.030 16.970 50.080 99.800 60.600 36.100 48.790 76.630 10.840
 78.407 44.724 34.354 26.382 59.916 79.278 64.830 79.152 12.202 59.566 86.057 74.338 55.573 24.990 76.783 77.422 42.394 40.069 32.566 60.632 78.407 44.724 34.354 26.382 59.916 79.278 64.830 79.152 12.202 59.566 86.057 74.338 55.573 24.990 76.783 77.422 42.394 40.069 32.566 60.632
 45.428 29.843 28.497 19.843 76.486 34.348 21.306 89.555 38.026 38.188 89.454 63.144 12.614 80.114 24.114 86.960 50.643 37.234 76.100 74.302 45.428 29.843 28.497 19.843 76.486 34.348 21.306 89.555 38.026 38.188 89.454 63.144 12.614 80.114 24.114 86.960 50.643 37.234 76.100 74.302
 36.660 81.140 36.790 93.400 13.280 27.930 80.450 18.500 17.820 17.300 55.870 86.610 21.760  3.270 99.410 39.830 14.000 72.820 94.010 73.530 36.660 81.140 36.790 93.400 13.280 27.930 80.450 18.500 17.820 17.300 55.870 86.610 21.760  3.270 99.410 39.830 14.000 72.820 94.010 73.530
 36.439 17.211 31.791 76.569 53.381 63.884 39.828 24.976 44.906 27.119 28.573 85.271 45.291 44.860 22.066 23.909 44.098 67.149 45.082 70.632 36.439 17.211 31.791 76.569 53.381 63.884 39.828 24.976 44.906 27.119 28.573 85.271 45.291 44.860 22.066 23.909 44.098 67.149 45.082 70.632
  6.690  8.030 13.650 91.980 11.310 13.060 31.810 25.310 85.880 25.820 62.360 72.260 48.370 65.460 84.790 85.860 46.400 55.330 24.020 98.240  6.690  8.030 13.650 91.980 11.310 13.060 31.810 25.310 85.880 25.820 62.360 72.260 48.370 65.460 84.790 85.860 46.400 55.330 24.020 98.240
 31.050  4.990 50.270 87.910 22.750 95.690 21.580 68.440 85.090 73.740 95.470 55.300 45.300  9.120 10.800 20.130 85.710  6.140  8.960 71.590 31.050  4.990 50.270 87.910 22.750 95.690 21.580 68.440 85.090 73.740 95.470 55.300 45.300  9.120 10.800 20.130 85.710  6.140  8.960 71.590
 95.480 71.330  7.370 43.860  0.310 92.170 93.240 46.710 11.020 17.260  8.470  5.590 22.250 58.740 57.020  8.520 17.960 78.600 40.480 66.570 95.480 71.330  7.370 43.860  0.310 92.170 93.240 46.710 11.020 17.260  8.470  5.590 22.250 58.740 57.020  8.520 17.960 78.600 40.480 66.570
 15.870 35.960 85.390 61.170  8.600 96.200 44.820 94.310  2.340 53.780 29.430 97.820 88.630 36.800  5.200 88.940 92.490 98.440 99.170  3.510 15.870 35.960 85.390 61.170  8.600 96.200 44.820 94.310  2.340 53.780 29.430 97.820 88.630 36.800  5.200 88.940 92.490 98.440 99.170  3.510
 19.705 75.785 85.225  9.543 67.260  8.757 83.195 64.700 63.245 22.130 67.355 71.300 30.775 67.115 34.195 11.680 17.340 14.185 56.410 79.015 19.705 75.785 85.225  9.543 67.260  8.757 83.195 64.700 63.245 22.130 67.355 71.300 30.775 67.115 34.195 11.680 17.340 14.185 56.410 79.015
 51.271 53.826 63.999 76.409 36.668 51.345 70.034 30.943 43.798 17.616 66.155 57.814 79.342 19.697 59.581 62.357 53.735 57.079 24.698 34.845 51.271 53.826 63.999 76.409 36.668 51.345 70.034 30.943 43.798 17.616 66.155 57.814 79.342 19.697 59.581 62.357 53.735 57.079 24.698 34.845
 85.710 68.700 30.910 99.210 95.580  6.770 84.830 82.180 63.920 64.760 71.120 38.380 74.130 21.400 65.000 47.340 40.410 80.560 49.520 94.350 85.710 68.700 30.910 99.210 95.580  6.770 84.830 82.180 63.920 64.760 71.120 38.380 74.130 21.400 65.000 47.340 40.410 80.560 49.520 94.350
 95.290 18.740 27.510 81.200 24.110 25.680 60.540 95.600 97.380 87.750  2.390 83.100 19.970 33.310 82.310 15.550  3.600 67.140 97.730 67.520 95.290 18.740 27.510 81.200 24.110 25.680 60.540 95.600 97.380 87.750  2.390 83.100 19.970 33.310 82.310 15.550  3.600 67.140 97.730 67.520
 95.420 32.370 69.430 69.550 17.300 97.950 16.890 57.710 78.510 29.940 15.580 73.800 12.200  6.620 18.520 36.310 32.300 79.060 31.920 29.690 95.420 32.370 69.430 69.550 17.300 97.950 16.890 57.710 78.510 29.940 15.580 73.800 12.200  6.620 18.520 36.310 32.300 79.060 31.920 29.690
 30.340 97.830 12.790 50.310 94.660 58.620 65.870 98.260 89.280 27.120 65.790 84.700 59.500 98.740 17.780 76.800 96.690 98.190 98.030 75.200 30.340 97.830 12.790 50.310 94.660 58.620 65.870 98.260 89.280 27.120 65.790 84.700 59.500 98.740 17.780 76.800 96.690 98.190 98.030 75.200
 75.055 38.020 36.635 12.595 28.365 71.060 23.790 19.605 58.270 15.788 37.475 69.300 48.750 21.305 87.990 22.465 86.380 77.405 84.430 38.015 75.055 38.020 36.635 12.595 28.365 71.060 23.790 19.605 58.270 15.788 37.475 69.300 48.750 21.305 87.990 22.465 86.380 77.405 84.430 38.015
 39.700 79.406 37.217 13.534 46.192 84.378 38.193 73.807 85.674 78.035 84.983 63.212 54.988 40.654 88.176 82.365 63.265 30.215 68.725 59.799 39.700 79.406 37.217 13.534 46.192 84.378 38.193 73.807 85.674 78.035 84.983 63.212 54.988 40.654 88.176 82.365 63.265 30.215 68.725 59.799
 65.163 88.238 13.560 15.753 43.786 27.164 27.538 51.639 18.998 18.900 16.846 20.565 27.890 67.496  8.093 56.301 46.679 89.492 57.250 23.484 65.163 88.238 13.560 15.753 43.786 27.164 27.538 51.639 18.998 18.900 16.846 20.565 27.890 67.496  8.093 56.301 46.679 89.492 57.250 23.484
 57.550  6.730 89.920  6.870 36.140 46.640 39.950 23.630 43.530 89.090 21.240 39.560 47.510 86.350 69.040 64.480 42.220 53.680 89.170 81.780 57.550  6.730 89.920  6.870 36.140 46.640 39.950 23.630 43.530 89.090 21.240 39.560 47.510 86.350 69.040 64.480 42.220 53.680 89.170 81.780
 83.160 18.772 62.980 73.047 66.477 38.963 61.527 40.654 69.477 35.667 28.460 29.656 40.459 85.477 44.100 27.326 25.830 38.264 67.787 17.945 83.160 18.772 62.980 73.047 66.477 38.963 61.527 40.654 69.477 35.667 28.460 29.656 40.459 85.477 44.100 27.326 25.830 38.264 67.787 17.945
 12.295 61.865 57.195 55.708 39.776 33.773 62.605 67.677 45.787 57.557 19.783 55.998 88.155 56.347 55.577 44.528 48.155 74.580 21.895 52.257 12.295 61.865 57.195 55.708 39.776 33.773 62.605 67.677 45.787 57.557 19.783 55.998 88.155 56.347 55.577 44.528 48.155 74.580 21.895 52.257
 92.530  9.461 84.400 39.840 13.610 73.480 76.870 44.070 87.130 34.680 53.300 43.870 34.200 26.030 84.280 97.070 59.230 13.820 97.010 19.860 92.530  9.461 84.400 39.840 13.610 73.480 76.870 44.070 87.130 34.680 53.300 43.870 34.200 26.030 84.280 97.070 59.230 13.820 97.010 19.860
 30.876 32.780 70.107 13.620 91.020 27.350 38.248 29.915 13.153 70.428 12.275 46.554 21.214 54.938 33.698 27.663  8.532 82.936 26.290 30.632 30.876 32.780 70.107 13.620 91.020 27.350 38.248 29.915 13.153 70.428 12.275 46.554 21.214 54.938 33.698 27.663  8.532 82.936 26.290 30.632
 85.220 77.920 26.300 50.600 13.900 54.060 77.120 92.820 33.610 34.040 31.860 90.610  3.140 95.730 62.960 43.600  6.390 74.370 25.830 70.440 85.220 77.920 26.300 50.600 13.900 54.060 77.120 92.820 33.610 34.040 31.860 90.610  3.140 95.730 62.960 43.600  6.390 74.370 25.830 70.440
 79.729 31.041 28.402 35.292 20.434 87.458 83.177 27.553 44.082 85.619 17.954 37.152 71.275 74.663 15.951 26.297 42.031 74.724 72.851 33.466 79.729 31.041 28.402 35.292 20.434 87.458 83.177 27.553 44.082 85.619 17.954 37.152 71.275 74.663 15.951 26.297 42.031 74.724 72.851 33.466
 91.700 49.900 54.280 58.370  9.160 17.240  1.970 79.070 55.140 91.320 49.510 33.630 96.920 24.440 99.640  2.580 83.970 53.700  2.900 65.160 91.700 49.900 54.280 58.370  9.160 17.240  1.970 79.070 55.140 91.320 49.510 33.630 96.920 24.440 99.640  2.580 83.970 53.700  2.900 65.160
 61.970 91.430 25.780 48.040 67.420 62.340 49.660 44.600 83.390 95.130 84.540 46.910 83.810  9.525 32.280 43.530 83.110 57.500 62.000 65.160 61.970 91.430 25.780 48.040 67.420 62.340 49.660 44.600 83.390 95.130 84.540 46.910 83.810  9.525 32.280 43.530 83.110 57.500 62.000 65.160
 16.799 79.872 85.108  9.416 69.735  7.917 82.381 67.217 64.593 25.145 68.663 69.262 28.142 68.594 34.313 12.207 20.151 13.471 54.626 76.957 16.799 79.872 85.108  9.416 69.735  7.917 82.381 67.217 64.593 25.145 68.663 69.262 28.142 68.594 34.313 12.207 20.151 13.471 54.626 76.957
 40.833 59.476 87.974 36.083 12.518 41.908 37.847 29.000 32.024 69.848 74.533 67.069 10.908 38.851 35.695  9.085 61.618 42.150 20.374 15.191 40.833 59.476 87.974 36.083 12.518 41.908 37.847 29.000 32.024 69.848 74.533 67.069 10.908 38.851 35.695  9.085 61.618 42.150 20.374 15.191
  6.924 62.025 34.510 95.565 21.122 26.180 61.205 66.060 35.210 55.495 23.090 75.170 34.775  4.944 34.890 92.505 31.835 85.420 90.645 47.990  6.924 62.025 34.510 95.565 21.122 26.180 61.205 66.060 35.210 55.495 23.090 75.170 34.775  4.944 34.890 92.505 31.835 85.420 90.645 47.990
 85.383 37.557 58.740 79.677 75.497 69.420 65.480 75.843 51.683 64.490 60.953  7.875 14.821 17.217 20.649 29.641 49.380 81.887 86.927 39.107 85.383 37.557 58.740 79.677 75.497 69.420 65.480 75.843 51.683 64.490 60.953  7.875 14.821 17.217 20.649 29.641 49.380 81.887 86.927 39.107
 30.292 39.762 30.472 46.650 64.629 44.456 69.972 58.640 40.093 80.760 65.919 89.477 22.281 31.948 49.355 28.423 48.602 39.622 31.049 20.952 30.292 39.762 30.472 46.650 64.629 44.456 69.972 58.640 40.093 80.760 65.919 89.477 22.281 31.948 49.355 28.423 48.602 39.622 31.049 20.952
 11.485 60.367 35.939 51.372 71.711 25.708 28.345 88.455 64.588 80.024 78.594 63.385 62.745 57.947 23.577 23.989 20.791 84.292 24.078 91.841 11.485 60.367 35.939 51.372 71.711 25.708 28.345 88.455 64.588 80.024 78.594 63.385 62.745 57.947 23.577 23.989 20.791 84.292 24.078 91.841
 43.950 60.650 34.780  2.871 34.685  6.290 32.780 75.500 72.605 53.705 67.540 27.455 74.625 41.395 65.005 71.805 61.115 86.990 69.795 95.470 43.950 60.650 34.780  2.871 34.685  6.290 32.780 75.500 72.605 53.705 67.540 27.455 74.625 41.395 65.005 71.805 61.115 86.990 69.795 95.470
 29.505 76.073 56.657 50.500 49.476 65.047 59.663 75.763 19.362 55.917 58.477 28.617 16.289 45.497 41.613  8.712 47.100 76.270 17.164 75.037 29.505 76.073 56.657 50.500 49.476 65.047 59.663 75.763 19.362 55.917 58.477 28.617 16.289 45.497 41.613  8.712 47.100 76.270 17.164 75.037
 15.429 82.421 74.880 84.224 18.850 40.269 82.993 57.607 58.383 78.788 22.270 21.545 65.724 57.307 29.998 10.128 83.383 75.003 74.227 88.588 15.429 82.421 74.880 84.224 18.850 40.269 82.993 57.607 58.383 78.788 22.270 21.545 65.724 57.307 29.998 10.128 83.383 75.003 74.227 88.588
 49.618 84.788 56.987 15.140 31.816 82.840 49.906 87.522 40.420 72.871 43.592 85.663 79.526 26.949 76.474 30.568 32.870 10.084 52.066 90.918 49.618 84.788 56.987 15.140 31.816 82.840 49.906 87.522 40.420 72.871 43.592 85.663 79.526 26.949 76.474 30.568 32.870 10.084 52.066 90.918
 93.070  6.101 41.490 51.670 57.480 28.340 69.570 13.520 26.710 75.580 89.480 72.960 38.610 57.300 94.720 44.940 62.890 93.990 98.080 49.990 93.070  6.101 41.490 51.670 57.480 28.340 69.570 13.520 26.710 75.580 89.480 72.960 38.610 57.300 94.720 44.940 62.890 93.990 98.080 49.990
 15.046 50.836 55.792 84.739 85.476 16.593 56.270 43.813 74.243 67.549 73.883 20.172 72.026 30.890 65.984 89.507 64.179 36.741 84.728 44.541 15.046 50.836 55.792 84.739 85.476 16.593 56.270 43.813 74.243 67.549 73.883 20.172 72.026 30.890 65.984 89.507 64.179 36.741 84.728 44.541
 89.300 91.030 99.050 23.820 80.110 25.210 58.190 62.340 77.330 93.040 12.520 83.650 86.170  9.510 68.930 31.920 31.750 88.590 81.530 44.850 89.300 91.030 99.050 23.820 80.110 25.210 58.190 62.340 77.330 93.040 12.520 83.650 86.170  9.510 68.930 31.920 31.750 88.590 81.530 44.850
 31.240 62.704 43.754 43.014 84.281 30.668 78.878 26.108 39.942 55.050 11.399 35.662 58.118 35.274 29.129 85.531 73.356 28.844 21.518 31.397 31.240 62.704 43.754 43.014 84.281 30.668 78.878 26.108 39.942 55.050 11.399 35.662 58.118 35.274 29.129 85.531 73.356 28.844 21.518 31.397
 27.833 49.393 72.750 79.530 75.303 78.020 20.364 56.250 87.093 62.627 38.047 51.475 28.870  9.503 77.703 45.833 80.220 66.997 27.383 63.427 27.833 49.393 72.750 79.530 75.303 78.020 20.364 56.250 87.093 62.627 38.047 51.475 28.870  9.503 77.703 45.833 80.220 66.997 27.383 63.427
 32.278 35.180 63.126 16.106 80.490 41.624 49.428 24.110 16.442 73.520 12.551 41.748 23.254 56.426 42.730 32.172 16.208 70.226 24.476 27.790 32.278 35.180 63.126 16.106 80.490 41.624 49.428 24.110 16.442 73.520 12.551 41.748 23.254 56.426 42.730 32.172 16.208 70.226 24.476 27.790
 62.158 25.283 60.174 57.390 13.651 22.738 32.638 22.768 61.176 75.980 50.038 53.820 60.138 68.720 82.484 65.588 47.214 63.346 28.628 14.962 62.158 25.283 60.174 57.390 13.651 22.738 32.638 22.768 61.176 75.980 50.038 53.820 60.138 68.720 82.484 65.588 47.214 63.346 28.628 14.962
 56.946 85.325 87.611 65.686 33.845 52.364 45.107 24.447 71.386 11.952 66.536 58.045 17.613 73.982 32.074 65.862 29.045 15.406 41.737 70.064 56.946 85.325 87.611 65.686 33.845 52.364 45.107 24.447 71.386 11.952 66.536 58.045 17.613 73.982 32.074 65.862 29.045 15.406 41.737 70.064
 64.336 38.639 42.879 56.376 49.602 24.988 65.994 68.983 52.606 30.395 67.707 33.807 31.523 37.654 23.662 55.772 60.739 54.546 17.246 28.211 64.336 38.639 42.879 56.376 49.602 24.988 65.994 68.983 52.606 30.395 67.707 33.807 31.523 37.654 23.662 55.772 60.739 54.546 17.246 28.211
  5.959 86.890 70.990 79.250 84.820  4.483 40.080 62.450 80.820  5.534 95.610 56.090 67.300 77.700  6.741 53.860 50.760 47.690 56.150 43.860  5.959 86.890 70.990 79.250 84.820  4.483 40.080 62.450 80.820  5.534 95.610 56.090 67.300 77.700  6.741 53.860 50.760 47.690 56.150 43.860
 66.174 32.761 10.726 56.378 85.254 66.814 31.297 80.867 12.934 74.294 88.008 37.135 34.613 78.447 88.401 80.896 81.684 81.635 52.842 23.700 66.174 32.761 10.726 56.378 85.254 66.814 31.297 80.867 12.934 74.294 88.008 37.135 34.613 78.447 88.401 80.896 81.684 81.635 52.842 23.700
 63.545 23.425 65.850  9.823 80.170 76.915 69.955 83.830 34.965 72.675 10.658 17.979 37.810 39.250  2.672 57.075 71.865 42.470 75.950 52.155 63.545 23.425 65.850  9.823 80.170 76.915 69.955 83.830 34.965 72.675 10.658 17.979 37.810 39.250  2.672 57.075 71.865 42.470 75.950 52.155
 57.694 23.452 53.891 35.839 72.294 14.130 26.026 27.693 65.358 64.083 52.984 10.903 82.264 27.732  8.563 82.284 64.060 52.015 19.123 23.060 57.694 23.452 53.891 35.839 72.294 14.130 26.026 27.693 65.358 64.083 52.984 10.903 82.264 27.732  8.563 82.284 64.060 52.015 19.123 23.060
 43.800 26.730  3.909 68.240 34.400 81.160 90.130 88.160 93.680 69.410 86.790 74.220 69.870 57.970 89.080 23.020 36.190 56.270 71.350 47.910 43.800 26.730  3.909 68.240 34.400 81.160 90.130 88.160 93.680 69.410 86.790 74.220 69.870 57.970 89.080 23.020 36.190 56.270 71.350 47.910
 57.000 22.100 63.280 42.430 34.240 71.710 60.270 25.200 16.850 27.840 11.090  4.610  6.390 81.670 94.660  3.950 21.610 75.160 72.700 80.700 57.000 22.100 63.280 42.430 34.240 71.710 60.270 25.200 16.850 27.840 11.090  4.610  6.390 81.670 94.660  3.950 21.610 75.160 72.700 80.700
 25.610 28.173 43.028 63.826 29.664 14.242 83.372 25.981 49.975 88.185 32.971 31.458 41.458 85.660 75.687 48.120 28.932 26.939 29.533 37.035 25.610 28.173 43.028 63.826 29.664 14.242 83.372 25.981 49.975 88.185 32.971 31.458 41.458 85.660 75.687 48.120 28.932 26.939 29.533 37.035
 63.389 59.284 31.153 63.962 74.998 71.264 25.820 36.605 51.887 56.698 66.002 62.003 26.741 19.844 82.824 54.306 65.242 22.668 75.619 26.654 63.389 59.284 31.153 63.962 74.998 71.264 25.820 36.605 51.887 56.698 66.002 62.003 26.741 19.844 82.824 54.306 65.242 22.668 75.619 26.654
 76.660 63.370  6.810 33.670 97.190 93.660 88.450  2.730 67.830 68.430 25.110 69.830 86.540 15.630 78.230 86.330 64.330 54.090  7.730 88.200 76.660 63.370  6.810 33.670 97.190 93.660 88.450  2.730 67.830 68.430 25.110 69.830 86.540 15.630 78.230 86.330 64.330 54.090  7.730 88.200
 78.396 60.360 44.753 25.845 19.687 48.664 19.889 88.500 40.605 14.885 66.512 55.828 78.438 42.444 43.658 47.686 68.904 54.924 67.072 53.628 78.396 60.360 44.753 25.845 19.687 48.664 19.889 88.500 40.605 14.885 66.512 55.828 78.438 42.444 43.658 47.686 68.904 54.924 67.072 53.628
 42.389 53.976 29.844 32.693 60.934 52.860 36.664 30.695 44.363 31.071 31.437 33.186 48.833 24.865 12.714 73.356 55.942 20.020 15.361 61.886 42.389 53.976 29.844 32.693 60.934 52.860 36.664 30.695 44.363 31.071 31.437 33.186 48.833 24.865 12.714 73.356 55.942 20.020 15.361 61.886
 52.180 76.980 61.670 19.630 65.170 36.200 66.490  2.796 57.210 69.850 43.040 43.010 67.980 87.850 84.240 15.290 18.970 24.480  0.176 49.140 52.180 76.980 61.670 19.630 65.170 36.200 66.490  2.796 57.210 69.850 43.040 43.010 67.980 87.850 84.240 15.290 18.970 24.480  0.176 49.140
 70.030 53.850 18.430 26.280 96.590 19.480 95.230 70.740 31.950  3.160 90.360 36.430 39.500 92.830 17.960 13.170 43.060 95.720  1.565 94.510 70.030 53.850 18.430 26.280 96.590 19.480 95.230 70.740 31.950  3.160 90.360 36.430 39.500 92.830 17.960 13.170 43.060 95.720  1.565 94.510
 22.710 86.984 22.917 38.666 78.471 31.475 52.617 16.115 79.300 87.789 88.470 66.523 28.799 24.436 40.091 25.124 88.156 60.358 16.678  9.733 22.710 86.984 22.917 38.666 78.471 31.475 52.617 16.115 79.300 87.789 88.470 66.523 28.799 24.436 40.091 25.124 88.156 60.358 16.678  9.733
 22.451 66.349 41.360 40.326 65.531 83.647 53.875 46.060 71.030 43.355 12.170 78.426 50.379 80.386 57.998 58.922 14.182 28.309 82.980 51.960 22.451 66.349 41.360 40.326 65.531 83.647 53.875 46.060 71.030 43.355 12.170 78.426 50.379 80.386 57.998 58.922 14.182 28.309 82.980 51.960
 52.591 23.597 24.894 76.578 49.104 61.312 31.892 25.953 14.558 22.887 70.047 59.916 47.773 46.823 70.650 64.099 61.033 67.735 40.983 17.578 52.591 23.597 24.894 76.578 49.104 61.312 31.892 25.953 14.558 22.887 70.047 59.916 47.773 46.823 70.650 64.099 61.033 67.735 40.983 17.578
 15.710 81.220 77.787 84.987 21.003 37.603 86.140 57.820 55.963 79.920 21.833 23.270 65.760 52.667 26.627  7.151 81.137 75.410 76.277 89.097 15.710 81.220 77.787 84.987 21.003 37.603 86.140 57.820 55.963 79.920 21.833 23.270 65.760 52.667 26.627  7.151 81.137 75.410 76.277 89.097
 90.730 99.380 78.630 65.210 38.360  5.420  2.410 93.400 63.700 85.220  5.680 73.460 36.450 51.900 35.670 33.650 41.270 83.010 46.980  9.130 90.730 99.380 78.630 65.210 38.360  5.420  2.410 93.400 63.700 85.220  5.680 73.460 36.450 51.900 35.670 33.650 41.270 83.010 46.980  9.130
 80.460 80.960 30.320 25.960 96.960  1.890 36.050 45.500 91.490  8.090 18.390 82.220  7.480 60.540 10.950  9.360 65.960 13.360  2.760 29.670 80.460 80.960 30.320 25.960 96.960  1.890 36.050 45.500 91.490  8.090 18.390 82.220  7.480 60.540 10.950  9.360 65.960 13.360  2.760 29.670
 17.830 44.276 12.071 91.163 72.740 90.370 63.016 57.619 44.759 36.474 13.723 29.673 86.284 70.495 42.867 60.574 30.394 65.579 86.505 46.468 17.830 44.276 12.071 91.163 72.740 90.370 63.016 57.619 44.759 36.474 13.723 29.673 86.284 70.495 42.867 60.574 30.394 65.579 86.505 46.468
 62.940 11.570 97.800 70.420 35.630  8.760 79.780  1.600 85.640 46.070 31.270 11.270 81.550 97.920 36.860 68.940  0.240 96.110 61.130 85.570 62.940 11.570 97.800 70.420 35.630  8.760 79.780  1.600 85.640 46.070 31.270 11.270 81.550 97.920 36.860 68.940  0.240 96.110 61.130 85.570
  2.350 25.960 14.880 89.550 21.120 33.680 37.230 81.680 25.010 93.940 97.260 51.470 69.030 95.070 21.900  4.670 67.350 65.200 69.790 16.510  2.350 25.960 14.880 89.550 21.120 33.680 37.230 81.680 25.010 93.940 97.260 51.470 69.030 95.070 21.900  4.670 67.350 65.200 69.790 16.510
 51.448 62.514 47.214 32.816 76.944 39.507 52.940 41.712 26.313 51.580 46.600 40.252 71.956 41.771 84.684 37.276 49.516 28.720 39.868 70.170 51.448 62.514 47.214 32.816 76.944 39.507 52.940 41.712 26.313 51.580 46.600 40.252 71.956 41.771 84.684 37.276 49.516 28.720 39.868 70.170
 75.947 57.595 50.433 34.784 33.439 85.219 25.735 70.332 84.106 72.222 71.541 54.896 60.157 39.313 83.849 59.419 81.421 16.152 77.463 41.155 75.947 57.595 50.433 34.784 33.439 85.219 25.735 70.332 84.106 72.222 71.541 54.896 60.157 39.313 83.849 59.419 81.421 16.152 77.463 41.155
 75.010 37.140 42.910 14.440 90.900 22.610  2.030 78.330  3.070  7.780 17.820 77.470 37.840  8.780 84.430 62.970 21.640 59.570 18.970 63.220 75.010 37.140 42.910 14.440 90.900 22.610  2.030 78.330  3.070  7.780 17.820 77.470 37.840  8.780 84.430 62.970 21.640 59.570 18.970 63.220
 32.501 17.024  8.377 13.017 16.429 38.868 17.720 57.907 22.784 78.856 19.910 81.279  9.469 66.039 33.829 66.726 75.276 48.224 51.421 92.028 32.501 17.024  8.377 13.017 16.429 38.868 17.720 57.907 22.784 78.856 19.910 81.279  9.469 66.039 33.829 66.726 75.276 48.224 51.421 92.028
 77.839 43.010 34.025 37.689 36.731 40.503 58.109 39.264 69.170 73.727 66.080 60.354 61.938 28.375 23.309 66.814 49.648 46.105 55.659 24.273 77.839 43.010 34.025 37.689 36.731 40.503 58.109 39.264 69.170 73.727 66.080 60.354 61.938 28.375 23.309 66.814 49.648 46.105 55.659 24.273
 50.585 69.170 70.020 55.800 33.335 59.465 57.255 56.025 26.515 90.425 63.680 47.360 92.135 53.280 47.110 81.485 49.760  7.014  8.196 43.848 50.585 69.170 70.020 55.800 33.335 59.465 57.255 56.025 26.515 90.425 63.680 47.360 92.135 53.280 47.110 81.485 49.760  7.014  8.196 43.848
 49.806 47.870 73.460 60.380 26.857 81.645 88.848 49.741 52.808 82.696 51.771 45.202 89.205 41.678 53.027 40.026 86.812 85.740 51.766 63.836 49.806 47.870 73.460 60.380 26.857 81.645 88.848 49.741 52.808 82.696 51.771 45.202 89.205 41.678 53.027 40.026 86.812 85.740 51.766 63.836


>> Numero de clusteres: 75. Numero de elementos en cada cluster:

     0    25    25     0    27     0     0     0     0     2
    53     0     0     0     0     2    50    25     0     3
     4     1    25     0    25     0     1    23    25     2
     3    29    26     2     3    22    25     1    26     0
    25     3     0     5    25    76     1    25     2    25
     1     0    26    53     0     5    29     1     1    25
    28    50     3     0     0    25     0     0     5    27
     0    25    27     2    25


>> Densidad de los clusters: b[i]

     0.00    23.90    22.44     0.00    47.37     0.00     0.00     0.00     0.00    25.62
   105.99     0.00     0.00     0.00     0.00   103.02    35.14    23.63     0.00   195.96
   233.29     0.00    22.38     0.00    31.87     0.00     0.00    22.07    31.12   203.37
   203.04    60.93    33.12   201.66   207.59    21.36    23.72     0.00    43.22     0.00
    24.63   201.86     0.00   206.82    32.45   132.42     0.00    30.55   209.43    23.03
     0.00     0.00    40.47   128.87     0.00   203.70    66.43     0.00     0.00    23.71
    58.22    95.96    22.35     0.00     0.00    24.50     0.00     0.00   211.73    45.32
     0.00    23.47    46.75   275.93    22.34


>> Analisis de enfermedades (medianas) en los grupos

Enfermedad:  0 - mmax: 0.64 (grupo 58) - mmin: 0.09 (grupo 21)
Enfermedad:  1 - mmax: 0.99 (grupo 29) - mmin: 0.33 (grupo 50)
Enfermedad:  2 - mmax: 0.65 (grupo 15) - mmin: 0.08 (grupo 50)
Enfermedad:  3 - mmax: 0.97 (grupo 37) - mmin: 0.30 (grupo 57)
Enfermedad:  4 - mmax: 0.69 (grupo 50) - mmin: 0.08 (grupo 37)
Enfermedad:  5 - mmax: 0.97 (grupo  9) - mmin: 0.37 (grupo 21)
Enfermedad:  6 - mmax: 0.68 (grupo 15) - mmin: 0.05 (grupo 58)
Enfermedad:  7 - mmax: 0.92 (grupo  9) - mmin: 0.36 (grupo 41)
Enfermedad:  8 - mmax: 0.57 (grupo 48) - mmin: 0.16 (grupo 50)
Enfermedad:  9 - mmax: 0.83 (grupo  9) - mmin: 0.32 (grupo 21)
Enfermedad: 10 - mmax: 0.67 (grupo  9) - mmin: 0.01 (grupo 26)
Enfermedad: 11 - mmax: 0.91 (grupo 15) - mmin: 0.42 (grupo 37)
Enfermedad: 12 - mmax: 0.63 (grupo 33) - mmin: 0.05 (grupo 58)
Enfermedad: 13 - mmax: 0.93 (grupo 46) - mmin: 0.32 (grupo 48)
Enfermedad: 14 - mmax: 0.68 (grupo 34) - mmin: 0.04 (grupo 37)
Enfermedad: 15 - mmax: 0.95 (grupo 46) - mmin: 0.44 (grupo 37)
Enfermedad: 16 - mmax: 0.59 (grupo 37) - mmin: 0.01 (grupo 58)
Enfermedad: 17 - mmax: 0.98 (grupo 26) - mmin: 0.42 (grupo 19)


