*** Ejecucion en paralelo ***


>> Centroides 0, 20, 40...

  cent 0 --  12.4 20.8 54.2 65.7 17.4 15.3 61.1 75.8 10.2 28.5 68.0 71.7 40.0 53.8 67.9 63.9 18.0 64.9 69.5 13.8 12.4 20.8 54.2 65.7 17.4 15.3 61.1 75.8 10.2 28.5 68.0 71.7 40.0 53.8 67.9 63.9 18.0 64.9 69.5 13.8

  cent20 --  37.2 43.5 65.7 53.6 16.1 23.4 52.8 59.5 70.6 69.0 45.4 30.8 31.5 39.0 33.4 16.1 67.7 64.7 40.5 40.2 37.2 43.5 65.7 53.6 16.1 23.4 52.8 59.5 70.6 69.0 45.4 30.8 31.5 39.0 33.4 16.1 67.7 64.7 40.5 40.2

  cent40 --  31.2 62.0 42.7 43.5 82.9 31.2 78.3 26.2 39.2 55.7 11.8 36.8 57.0 36.7 30.7 84.6 72.7 30.1 22.3 30.9 31.2 62.0 42.7 43.5 82.9 31.2 78.3 26.2 39.2 55.7 11.8 36.8 57.0 36.7 30.7 84.6 72.7 30.1 22.3 30.9

  cent60 --  21.5 44.4 30.9 52.8 72.6 84.9 39.0 53.4 74.1 53.6 25.2 71.8 52.4 76.2 63.0 62.6 42.2 35.2 78.3 38.3 21.5 44.4 30.9 52.8 72.6 84.9 39.0 53.4 74.1 53.6 25.2 71.8 52.4 76.2 63.0 62.6 42.2 35.2 78.3 38.3

>> Numero de clusteres: 75. Tamanno de los grupos:

  1722  1776  4465   665  4430   590  1754   582   602  1773
  3559  2757   695  1706  1793  2850 10121  4340  5078  3437
  3483  3517  1674  1766  7100  1740  4387  5171  2742  1807
  2868  4542  3386  3479  1707  1674  1688   599  2741  1729
  1801  1848  4477  2746  1649  6213  2781  4408  1738  3422
  1791   681  3530  3385  1792  1665  2874   600   661  1650
  4465  7077  1701  1708  4495  3356  4435  1754  3576  1739
  4372  1661  2012  1903  5179

>> Densidad de los clusters: b[i]

    42.32    50.30   118.84   221.56    91.86   222.53    47.11   219.21   220.75    49.45
   128.07    45.35   222.14    40.14    52.11    52.69    37.23    79.10   136.22   129.00
   107.69    93.96    35.42    48.25   124.82    44.76    84.25   138.80    43.63    53.55
    54.43   120.45    81.21   114.90    40.09    35.68    37.91   220.42    44.00    43.39
    52.62    58.76   106.92    44.52    31.61   139.86    47.32   101.73    44.49   104.18
    51.32   223.15   130.91   125.29    52.11    34.30    54.41   219.07   222.18    31.85
   117.13   132.57    38.83    40.51    87.31    79.73    96.66    46.84   128.84    45.06
    84.12    33.33    75.60    64.84   147.04

>> Analisis de enfermedades en los grupos

Enfermedad:  0 - max: 0.41 (grupo  8) - min: 0.37 (grupo  5)
Enfermedad:  1 - max: 0.60 (grupo  3) - min: 0.58 (grupo  8)
Enfermedad:  2 - max: 0.41 (grupo 43) - min: 0.38 (grupo  3)
Enfermedad:  3 - max: 0.61 (grupo 57) - min: 0.57 (grupo  8)
Enfermedad:  4 - max: 0.41 (grupo  5) - min: 0.38 (grupo 30)
Enfermedad:  5 - max: 0.61 (grupo  3) - min: 0.58 (grupo  0)
Enfermedad:  6 - max: 0.41 (grupo 14) - min: 0.38 (grupo  5)
Enfermedad:  7 - max: 0.61 (grupo  3) - min: 0.58 (grupo 39)
Enfermedad:  8 - max: 0.41 (grupo  3) - min: 0.38 (grupo  8)
Enfermedad:  9 - max: 0.61 (grupo 29) - min: 0.58 (grupo 25)
Enfermedad: 10 - max: 0.41 (grupo  7) - min: 0.38 (grupo  1)
Enfermedad: 11 - max: 0.61 (grupo 12) - min: 0.58 (grupo  3)
Enfermedad: 12 - max: 0.41 (grupo 25) - min: 0.38 (grupo 12)
Enfermedad: 13 - max: 0.61 (grupo 34) - min: 0.58 (grupo 35)
Enfermedad: 14 - max: 0.41 (grupo  7) - min: 0.38 (grupo 29)
Enfermedad: 15 - max: 0.61 (grupo 39) - min: 0.58 (grupo 36)
Enfermedad: 16 - max: 0.41 (grupo 19) - min: 0.37 (grupo  3)
Enfermedad: 17 - max: 0.61 (grupo 37) - min: 0.57 (grupo 12)

t_lec,3.286605
t_clust,48.039059
t_enf,0.074866
t_escri,0.433810
Texe,51.834341
